2024-08-13T11:42:59.101Z 0: 

----------------------------------------------
2024-08-13T11:42:59.107Z 1: Discord starting: {"releaseChannel":"stable","version":"0.0.63"}, modulepath: /home/unixelf/.config/discord/0.0.63/modules
2024-08-13T11:42:59.110Z 2: ✅ webContents.created web1 ""
2024-08-13T11:42:59.111Z 3: ✅ window.created win1 "discord"
2024-08-13T11:42:59.353Z 4: ✅ webContents.did-finish-load web1
2024-08-13T11:43:05.870Z 5: ✅ webContents.created web2 ""
2024-08-13T11:43:05.886Z 6: ✅ window.created win2 "Discord"
2024-08-13T11:43:07.538Z 7: ✅ webContents.did-finish-load web2
2024-08-13T11:43:07.638Z 8: window.close win1
2024-08-13T11:43:07.642Z 9: webContents.destroyed web1
2024-08-13T11:43:07.644Z 10: window.closed win1
2024-08-13T11:50:48.995Z 11: window.close win2
2024-08-13T15:17:08.537Z 0: 

----------------------------------------------
2024-08-13T15:17:08.547Z 1: Discord starting: {"releaseChannel":"stable","version":"0.0.63"}, modulepath: /home/unixelf/.config/discord/0.0.63/modules
2024-08-13T15:17:38.324Z 0: 

----------------------------------------------
2024-08-13T15:17:38.335Z 1: Discord starting: {"releaseChannel":"stable","version":"0.0.63"}, modulepath: /home/unixelf/.config/discord/0.0.63/modules
2024-08-13T15:17:38.337Z 2: ✅ webContents.created web1 ""
2024-08-13T15:17:38.339Z 3: ✅ window.created win1 "discord"
2024-08-13T15:17:38.503Z 4: ✅ webContents.did-finish-load web1
2024-08-13T15:17:38.991Z 5: ✅ webContents.created web2 ""
2024-08-13T15:17:39.004Z 6: ✅ window.created win2 "Discord"
2024-08-13T15:17:40.748Z 7: window.close win1
2024-08-13T15:17:40.763Z 8: webContents.destroyed web1
2024-08-13T15:17:40.764Z 9: window.closed win1
2024-08-13T15:17:41.137Z 10: ✅ webContents.did-finish-load web2
2024-08-13T15:17:42.580Z 11: window.close win2
2024-08-13T15:18:11.851Z 0: 

----------------------------------------------
2024-08-13T15:18:11.860Z 1: Discord starting: {"releaseChannel":"stable","version":"0.0.63"}, modulepath: /home/unixelf/.config/discord/0.0.63/modules
2024-08-13T15:18:12.557Z 12: window.close win2
