[79738][1725228511356][main][info]["Booting Postman 11.10.0, linux-6.6.48-1-lts on x64"]
[79738][1725228511359][main][info]["EventBus~initialize - Success"]
[79738][1725228511361][main][info]["Proxy configuration has not been setup"]
[79738][1725228511361][main][info]["CloudProxyManager~init - Success"]
[79738][1725228511386][main][info]["performShellDataMigration: Starting shell data migration"]
[79738][1725228511386][main][info]["migrateShellData:Starting"]
[79738][1725228511388][main][info]["migrateShellData: Old storage cleaned up"]
[79738][1725228512912][main][info]["migrateShellData: Got data from shell. Writing to storage"]
[79738][1725228512916][main][info]["performShellDataMigration: Migration successful on try count 1"]
[79738][1725228512922][main][info]["UpdateHandler~init - Success"]
[79738][1725228512923][main][info]["LeaderSelection: Initialized successfully"]
[79738][1725228512924][main][info]["VersionDependencyService: Initialized successfully"]
[79738][1725228512933][main][info]["LinuxAutoUpdater~Cleanup - Initial cleanup successful"]
[79738][1725228512938][main][info]["Generated root certificate for linux"]
[79738][1725228512949][main][info]["GPU detected VID 4318 DID 9634 ACTIVE true"]
[79738][1725228512949][main][info]["GPU detected VID 32902 DID 18083 ACTIVE false"]
[79738][1725228512951][main][info]["newAccountRegionPreferenceService~getPreferenceWithFallback - Preference not found in storage."]
[79738][1725228512951][main][info]["newAccountRegionPreferenceService~getToggleMenuTemplate - Using preference:","useUSRegion"]
[79738][1725228512964][main][info]["shellController~init: Success"]
[79738][1725228512966][main][info]["shellMeta~init: Success"]
[79738][1725228512966][main][info]["partitionMigrationService: State of V7 partition:"]
[79738][1725228512966][main][info]["partitionMigrationService: V7 partitions",[]]
[79738][1725228512967][main][info]["partitionMigrationService~rectifyNamespaceOfScratchPadPartition: There is no partition with scratchpad namespace"]
[79738][1725228512967][main][info]["partitionMigrationService~rectifyNamespaceOfScratchPadPartition: There is no transit partition which could have been used for scratchpad"]
[79738][1725228512967][main][info]["partitionMigrationService~init: Success"]
[79738][1725228512970][main][info]["partitionMigrationService~runV8PartitionsIntegrity: Two way migration~ removing the following partitions from v8",[]]
[79738][1725228512973][main][info]["userPartitionService~_rectifyTheActivePartitionOfApplication: Setting the active partition to ",null]
[79738][1725228512979][main][info]["userPartitionService~init: Success"]
[79738][1725228512997][main][info]["userPartitionService: State of v8 partition system:"]
[79738][1725228513005][main][info]["shell~init~getPartitionToLoad: loading scratchpad partition"]
[79738][1725228513006][main][info]["userPartitionService: List of partitions:",[]]
[79738][1725228513006][main][info]["userPartitionService: users global meta:",{}]
[79738][1725228513011][main][info]["proxyCertificateService~ensureRootCAPresence: Deleting and creating new certificates"]
[79738][1725228513019][main][info]["Main:windowManager~newRequesterWindow: Fetch and update runtime config: undefined"]
[79738][1725228514813][main][info]["RuntimeIPCAgent~started: Success"]
[79738][1725228514824][main][info]["Main~scratchpadThemeAction:: action: set, value: dark"]
[79738][1725228514826][main][info]["Main~scratchpadThemeAction:: action: set, value: dark"]
[79738][1725228514835][main][info]["Main~scratchpadThemeAction:: action: set, value: dark"]
[79738][1725228514844][main][info]["UpdateHandler~app-update-events - Received event",{"name":"checkForElectronVersionUpdated","namespace":"appUpdate"}]
[79738][1725228514849][main][info]["windowManager: First requester booted successfully."]
[79738][1725228514849][main][info]["windowManager~restoreWindows: Restoring requester windows"]
[79738][1725228514849][main][info]["Main~AppEvents - Received booted event for process requester.Version undefined UI Version: undefined Desktop Platform Version: 11.10.0"]
[79738][1725228526186][main][info]["VersionDependencyService: Resetting UI version as user logged out/switched account"]
[79738][1725228526187][main][info]["Main - model-events~user - (users, add) received"]
[79738][1725228526382][main][info]["AuthHandler~open: Received dom-ready event."]
[79738][1725228526384][main][info]["AuthHandler~open: Received did-finish-load event."]
[79738][1725228526480][main][warn]["AuthHandler~open: Current app is not default protocol client - Falling back to polling mechanism."]
[79738][1725228526481][main][info]["newAccountRegionPreferenceService~getPreferenceWithFallback - Preference not found in storage."]
[79738][1725228526482][main][info]["newAccountRegionPreferenceService~getRegionPreference - Using preference:","useUSRegion"]
[79738][1725228526482][main][info]["AuthHandler~open: new Account region preference:","us"]
[79738][1725228526482][main][info]["AuthHandler~open: get multiLoginToken token."]
[79738][1725228526483][main][info]["AuthHandler~open: Publishing initialize event to auth-window channel."]
[79738][1725228568522][main][info]["Shell~init~loginUser: associating the user ","32930625"," with transit partition"]
[79738][1725228568522][main][info]["userPartitionService~getNewPartitionId: creating a partition with userId and teamId as 0"]
[79738][1725228568541][main][info]["userPartitionService~associateTransitPartition: ",{"partitionId":"372bb161-b400-4b71-9579-6e8b7c360033","context":{"namespace":"users","userId":"32930625","teamId":"0","region":"us"}}]
[79738][1725228568557][main][info]["userPartitionService: State of v8 partition system:"]
[79738][1725228568560][main][info]["userPartitionService: List of partitions:",[{"partitionId":"372bb161-b400-4b71-9579-6e8b7c360033","namespace":"users","userId":"32930625","teamId":"0","lastUpdated":"2024-09-01T22:09:28.541Z"},{"partitionId":"0bd1f615-8cbf-466f-bbf4-30e321a5fecc","namespace":"scratchPad","userId":0,"teamId":0,"isDirty":false}]]
[79738][1725228568560][main][info]["userPartitionService: users global meta:",{}]
[79738][1725228568572][main][info]["Main:windowManager~newRequesterWindow: Fetch and update runtime config: us"]
[79738][1725228571384][main][info]["Main~getRemoteInitPath:: "]
[79738][1725228571466][main][info]["Main - model-events~user - (user, update) received"]
[79738][1725228571467][main][info]["Main~reload: https://desktop.postman.com/?desktopVersion=11.10.0&userId=32930625&teamId=0&region=us"]
[79738][1725228571678][main][info]["UpdateHandler~app-update-events - Received event",{"name":"checkForElectronVersionUpdated","namespace":"appUpdate"}]
[79738][1725228571691][main][info]["windowManager: First requester booted successfully."]
[79738][1725228571691][main][info]["windowManager~restoreWindows: Restoring requester windows"]
[79738][1725228571691][main][info]["Main~AppEvents - Received booted event for process requester.Version 11.10.1 UI Version: 11.10.1-ui-240828-1146 Desktop Platform Version: 11.10.0"]
[79738][1725228571798][main][info]["Main~getRemoteInitPath:: "]
[79738][1725228571986][main][info]["Main~getPlatformLaunchPerfMetrics"]
[79738][1725228574421][main][info]["Main~getRemoteInitPath:: "]
[79738][1725228574521][main][info]["Main - model-events~user - (user, update) received"]
[79738][1725228574714][main][info]["UpdateHandler~app-update-events - Received event",{"name":"checkForElectronVersionUpdated","namespace":"appUpdate"}]
[79738][1725228574720][main][info]["Main~AppEvents - Received booted event for process requester.Version 11.10.1 UI Version: 11.10.1-ui-240828-1146 Desktop Platform Version: 11.10.0"]
[79738][1725228574768][main][info]["Main~getRemoteInitPath:: "]
[79738][1725228575003][main][info]["Main~getPlatformLaunchPerfMetrics"]
[79738][1725228575456][main][info]["Main - model-events~user - (user, bootstrapUser) received"]
[79738][1725228575457][main][info]["model-events~user - bootstrapUser received"]
[79738][1725228575869][main][info]["Main - model-events~user - (user, bootstrapUser) received"]
[79738][1725228575869][main][info]["model-events~user - bootstrapUser received"]
[79738][1725228576263][main][info]["INTERCEPTOR CONNECTIVITY: Attempting to start websocket server on port 15611"]
[79738][1725228580364][main][error]["Error while retrieving user key from keychain",{"name":"Error","message":"The name is not activatable","stack":"Error: The name is not activatable"}]
[79738][1725228581785][main][info]["WindowManager~closeHandler - Closed Window (id: 4 )"]
[79738][1725228581791][main][error]["Main~handleUncaughtError - Uncaught errors",{"name":"TypeError","message":"Cannot read properties of undefined (reading 'send')","stack":"TypeError: Cannot read properties of undefined (reading 'send')\n    at Object.sendMessageToInterceptor (/opt/postman/app/resources/app/services/websocketServer.js:127:10)\n    at Object.requesterWindowHandler (/opt/postman/app/resources/app/services/websocketServer.js:370:14)\n    at EventEmitter.emit (node:events:529:35)\n    at EventEmitter.emit (node:domain:489:12)\n    at _dispatch (/opt/postman/app/resources/app/common/_event-bus.js:197:14)\n    at EventBus._publish (/opt/postman/app/resources/app/common/_event-bus.js:149:9)\n    at Object._closedHandler (/opt/postman/app/resources/app/services/windowManager.js:1094:18)\n    at BrowserWindow.emit (node:events:517:28)\n    at BrowserWindow.emit (node:domain:489:12)"}]
