2024-08-13T11:42:59.002Z [Modules] Modules initializing
2024-08-13T11:42:59.002Z [Modules] Distribution: remote
2024-08-13T11:42:59.002Z [Modules] Host updates: enabled
2024-08-13T11:42:59.002Z [Modules] Module updates: enabled
2024-08-13T11:42:59.003Z [Modules] Module install path: /home/unixelf/.config/discord/0.0.63/modules
2024-08-13T11:42:59.003Z [Modules] Module installed file path: /home/unixelf/.config/discord/0.0.63/modules/installed.json
2024-08-13T11:42:59.003Z [Modules] Module download path: /home/unixelf/.config/discord/0.0.63/modules/pending
2024-08-13T11:42:59.277Z [Modules] Bootstrapping...
2024-08-13T11:42:59.278Z [Modules] Installing discord_desktop_core@0 from /opt/discord/resources/bootstrap/discord_desktop_core.zip
2024-08-13T11:42:59.281Z [Modules] Failed installing discord_desktop_core@0: Error: ENOENT: no such file or directory, open '/opt/discord/resources/bootstrap/discord_desktop_core.zip'
2024-08-13T11:42:59.281Z [Modules] Installing discord_erlpack@0 from /opt/discord/resources/bootstrap/discord_erlpack.zip
2024-08-13T11:42:59.282Z [Modules] Failed installing discord_erlpack@0: Error: ENOENT: no such file or directory, open '/opt/discord/resources/bootstrap/discord_erlpack.zip'
2024-08-13T11:42:59.282Z [Modules] Installing discord_spellcheck@0 from /opt/discord/resources/bootstrap/discord_spellcheck.zip
2024-08-13T11:42:59.283Z [Modules] Failed installing discord_spellcheck@0: Error: ENOENT: no such file or directory, open '/opt/discord/resources/bootstrap/discord_spellcheck.zip'
2024-08-13T11:42:59.283Z [Modules] Installing discord_utils@0 from /opt/discord/resources/bootstrap/discord_utils.zip
2024-08-13T11:42:59.284Z [Modules] Failed installing discord_utils@0: Error: ENOENT: no such file or directory, open '/opt/discord/resources/bootstrap/discord_utils.zip'
2024-08-13T11:42:59.284Z [Modules] Installing discord_voice@0 from /opt/discord/resources/bootstrap/discord_voice.zip
2024-08-13T11:42:59.285Z [Modules] Failed installing discord_voice@0: Error: ENOENT: no such file or directory, open '/opt/discord/resources/bootstrap/discord_voice.zip'
2024-08-13T11:42:59.285Z [Modules] Installing discord_zstd@0 from /opt/discord/resources/bootstrap/discord_zstd.zip
2024-08-13T11:42:59.286Z [Modules] Failed installing discord_zstd@0: Error: ENOENT: no such file or directory, open '/opt/discord/resources/bootstrap/discord_zstd.zip'
2024-08-13T11:42:59.286Z [Modules] Finished module installations. [success: 0] [failure: 6]
2024-08-13T11:42:59.286Z [Modules] Checking for host updates.
2024-08-13T11:42:59.591Z [Modules] Host is up to date.
2024-08-13T11:42:59.591Z [Modules] Checking for module updates at https://discord.com/api/modules/stable/versions.json
2024-08-13T11:42:59.662Z [Modules] Module update available: discord_desktop_core@1 [installed: 0]
2024-08-13T11:42:59.662Z [Modules] Module update available: discord_erlpack@1 [installed: 0]
2024-08-13T11:42:59.662Z [Modules] Module update available: discord_spellcheck@1 [installed: 0]
2024-08-13T11:42:59.662Z [Modules] Module update available: discord_utils@1 [installed: 0]
2024-08-13T11:42:59.662Z [Modules] Module update available: discord_voice@1 [installed: 0]
2024-08-13T11:42:59.662Z [Modules] Module update available: discord_zstd@1 [installed: 0]
2024-08-13T11:42:59.663Z [Modules] Fetching discord_desktop_core@1 from https://discord.com/api/modules/stable/discord_desktop_core/1
2024-08-13T11:42:59.663Z [Modules] Streaming discord_desktop_core@1 to /home/unixelf/.config/discord/0.0.63/modules/pending/discord_desktop_core-1.zip
2024-08-13T11:43:00.159Z [Modules] Streaming discord_desktop_core@1 to /home/unixelf/.config/discord/0.0.63/modules/pending/discord_desktop_core-1.zip: 2%
2024-08-13T11:43:00.241Z [Modules] Streaming discord_desktop_core@1 to /home/unixelf/.config/discord/0.0.63/modules/pending/discord_desktop_core-1.zip: 3%
2024-08-13T11:43:00.292Z [Modules] Streaming discord_desktop_core@1 to /home/unixelf/.config/discord/0.0.63/modules/pending/discord_desktop_core-1.zip: 4%
2024-08-13T11:43:00.296Z [Modules] Streaming discord_desktop_core@1 to /home/unixelf/.config/discord/0.0.63/modules/pending/discord_desktop_core-1.zip: 5%
2024-08-13T11:43:00.340Z [Modules] Streaming discord_desktop_core@1 to /home/unixelf/.config/discord/0.0.63/modules/pending/discord_desktop_core-1.zip: 6%
2024-08-13T11:43:00.342Z [Modules] Streaming discord_desktop_core@1 to /home/unixelf/.config/discord/0.0.63/modules/pending/discord_desktop_core-1.zip: 7%
2024-08-13T11:43:00.344Z [Modules] Streaming discord_desktop_core@1 to /home/unixelf/.config/discord/0.0.63/modules/pending/discord_desktop_core-1.zip: 8%
2024-08-13T11:43:00.346Z [Modules] Streaming discord_desktop_core@1 to /home/unixelf/.config/discord/0.0.63/modules/pending/discord_desktop_core-1.zip: 9%
2024-08-13T11:43:00.349Z [Modules] Streaming discord_desktop_core@1 to /home/unixelf/.config/discord/0.0.63/modules/pending/discord_desktop_core-1.zip: 10%
2024-08-13T11:43:00.351Z [Modules] Streaming discord_desktop_core@1 to /home/unixelf/.config/discord/0.0.63/modules/pending/discord_desktop_core-1.zip: 11%
2024-08-13T11:43:00.353Z [Modules] Streaming discord_desktop_core@1 to /home/unixelf/.config/discord/0.0.63/modules/pending/discord_desktop_core-1.zip: 12%
2024-08-13T11:43:00.386Z [Modules] Streaming discord_desktop_core@1 to /home/unixelf/.config/discord/0.0.63/modules/pending/discord_desktop_core-1.zip: 14%
2024-08-13T11:43:00.389Z [Modules] Streaming discord_desktop_core@1 to /home/unixelf/.config/discord/0.0.63/modules/pending/discord_desktop_core-1.zip: 15%
2024-08-13T11:43:00.392Z [Modules] Streaming discord_desktop_core@1 to /home/unixelf/.config/discord/0.0.63/modules/pending/discord_desktop_core-1.zip: 16%
2024-08-13T11:43:00.393Z [Modules] Streaming discord_desktop_core@1 to /home/unixelf/.config/discord/0.0.63/modules/pending/discord_desktop_core-1.zip: 17%
2024-08-13T11:43:00.396Z [Modules] Streaming discord_desktop_core@1 to /home/unixelf/.config/discord/0.0.63/modules/pending/discord_desktop_core-1.zip: 18%
2024-08-13T11:43:00.400Z [Modules] Streaming discord_desktop_core@1 to /home/unixelf/.config/discord/0.0.63/modules/pending/discord_desktop_core-1.zip: 20%
2024-08-13T11:43:00.404Z [Modules] Streaming discord_desktop_core@1 to /home/unixelf/.config/discord/0.0.63/modules/pending/discord_desktop_core-1.zip: 22%
2024-08-13T11:43:00.408Z [Modules] Streaming discord_desktop_core@1 to /home/unixelf/.config/discord/0.0.63/modules/pending/discord_desktop_core-1.zip: 24%
2024-08-13T11:43:00.412Z [Modules] Streaming discord_desktop_core@1 to /home/unixelf/.config/discord/0.0.63/modules/pending/discord_desktop_core-1.zip: 26%
2024-08-13T11:43:00.414Z [Modules] Streaming discord_desktop_core@1 to /home/unixelf/.config/discord/0.0.63/modules/pending/discord_desktop_core-1.zip: 27%
2024-08-13T11:43:00.417Z [Modules] Streaming discord_desktop_core@1 to /home/unixelf/.config/discord/0.0.63/modules/pending/discord_desktop_core-1.zip: 29%
2024-08-13T11:43:00.434Z [Modules] Streaming discord_desktop_core@1 to /home/unixelf/.config/discord/0.0.63/modules/pending/discord_desktop_core-1.zip: 31%
2024-08-13T11:43:00.437Z [Modules] Streaming discord_desktop_core@1 to /home/unixelf/.config/discord/0.0.63/modules/pending/discord_desktop_core-1.zip: 32%
2024-08-13T11:43:00.442Z [Modules] Streaming discord_desktop_core@1 to /home/unixelf/.config/discord/0.0.63/modules/pending/discord_desktop_core-1.zip: 34%
2024-08-13T11:43:00.445Z [Modules] Streaming discord_desktop_core@1 to /home/unixelf/.config/discord/0.0.63/modules/pending/discord_desktop_core-1.zip: 36%
2024-08-13T11:43:00.446Z [Modules] Streaming discord_desktop_core@1 to /home/unixelf/.config/discord/0.0.63/modules/pending/discord_desktop_core-1.zip: 37%
2024-08-13T11:43:00.449Z [Modules] Streaming discord_desktop_core@1 to /home/unixelf/.config/discord/0.0.63/modules/pending/discord_desktop_core-1.zip: 39%
2024-08-13T11:43:00.450Z [Modules] Streaming discord_desktop_core@1 to /home/unixelf/.config/discord/0.0.63/modules/pending/discord_desktop_core-1.zip: 40%
2024-08-13T11:43:00.453Z [Modules] Streaming discord_desktop_core@1 to /home/unixelf/.config/discord/0.0.63/modules/pending/discord_desktop_core-1.zip: 41%
2024-08-13T11:43:00.455Z [Modules] Streaming discord_desktop_core@1 to /home/unixelf/.config/discord/0.0.63/modules/pending/discord_desktop_core-1.zip: 42%
2024-08-13T11:43:00.458Z [Modules] Streaming discord_desktop_core@1 to /home/unixelf/.config/discord/0.0.63/modules/pending/discord_desktop_core-1.zip: 44%
2024-08-13T11:43:00.460Z [Modules] Streaming discord_desktop_core@1 to /home/unixelf/.config/discord/0.0.63/modules/pending/discord_desktop_core-1.zip: 45%
2024-08-13T11:43:00.463Z [Modules] Streaming discord_desktop_core@1 to /home/unixelf/.config/discord/0.0.63/modules/pending/discord_desktop_core-1.zip: 47%
2024-08-13T11:43:00.466Z [Modules] Streaming discord_desktop_core@1 to /home/unixelf/.config/discord/0.0.63/modules/pending/discord_desktop_core-1.zip: 49%
2024-08-13T11:43:00.468Z [Modules] Streaming discord_desktop_core@1 to /home/unixelf/.config/discord/0.0.63/modules/pending/discord_desktop_core-1.zip: 51%
2024-08-13T11:43:00.470Z [Modules] Streaming discord_desktop_core@1 to /home/unixelf/.config/discord/0.0.63/modules/pending/discord_desktop_core-1.zip: 52%
2024-08-13T11:43:00.472Z [Modules] Streaming discord_desktop_core@1 to /home/unixelf/.config/discord/0.0.63/modules/pending/discord_desktop_core-1.zip: 53%
2024-08-13T11:43:00.474Z [Modules] Streaming discord_desktop_core@1 to /home/unixelf/.config/discord/0.0.63/modules/pending/discord_desktop_core-1.zip: 55%
2024-08-13T11:43:00.477Z [Modules] Streaming discord_desktop_core@1 to /home/unixelf/.config/discord/0.0.63/modules/pending/discord_desktop_core-1.zip: 58%
2024-08-13T11:43:00.479Z [Modules] Streaming discord_desktop_core@1 to /home/unixelf/.config/discord/0.0.63/modules/pending/discord_desktop_core-1.zip: 59%
2024-08-13T11:43:00.481Z [Modules] Streaming discord_desktop_core@1 to /home/unixelf/.config/discord/0.0.63/modules/pending/discord_desktop_core-1.zip: 60%
2024-08-13T11:43:00.482Z [Modules] Streaming discord_desktop_core@1 to /home/unixelf/.config/discord/0.0.63/modules/pending/discord_desktop_core-1.zip: 62%
2024-08-13T11:43:00.485Z [Modules] Streaming discord_desktop_core@1 to /home/unixelf/.config/discord/0.0.63/modules/pending/discord_desktop_core-1.zip: 65%
2024-08-13T11:43:00.488Z [Modules] Streaming discord_desktop_core@1 to /home/unixelf/.config/discord/0.0.63/modules/pending/discord_desktop_core-1.zip: 67%
2024-08-13T11:43:00.491Z [Modules] Streaming discord_desktop_core@1 to /home/unixelf/.config/discord/0.0.63/modules/pending/discord_desktop_core-1.zip: 69%
2024-08-13T11:43:00.491Z [Modules] Streaming discord_desktop_core@1 to /home/unixelf/.config/discord/0.0.63/modules/pending/discord_desktop_core-1.zip: 71%
2024-08-13T11:43:00.494Z [Modules] Streaming discord_desktop_core@1 to /home/unixelf/.config/discord/0.0.63/modules/pending/discord_desktop_core-1.zip: 73%
2024-08-13T11:43:00.497Z [Modules] Streaming discord_desktop_core@1 to /home/unixelf/.config/discord/0.0.63/modules/pending/discord_desktop_core-1.zip: 75%
2024-08-13T11:43:00.499Z [Modules] Streaming discord_desktop_core@1 to /home/unixelf/.config/discord/0.0.63/modules/pending/discord_desktop_core-1.zip: 77%
2024-08-13T11:43:00.500Z [Modules] Streaming discord_desktop_core@1 to /home/unixelf/.config/discord/0.0.63/modules/pending/discord_desktop_core-1.zip: 80%
2024-08-13T11:43:00.538Z [Modules] Streaming discord_desktop_core@1 to /home/unixelf/.config/discord/0.0.63/modules/pending/discord_desktop_core-1.zip: 82%
2024-08-13T11:43:00.538Z [Modules] Streaming discord_desktop_core@1 to /home/unixelf/.config/discord/0.0.63/modules/pending/discord_desktop_core-1.zip: 85%
2024-08-13T11:43:00.868Z [Modules] Streaming discord_desktop_core@1 to /home/unixelf/.config/discord/0.0.63/modules/pending/discord_desktop_core-1.zip: 86%
2024-08-13T11:43:00.962Z [Modules] Streaming discord_desktop_core@1 to /home/unixelf/.config/discord/0.0.63/modules/pending/discord_desktop_core-1.zip: 88%
2024-08-13T11:43:01.007Z [Modules] Streaming discord_desktop_core@1 to /home/unixelf/.config/discord/0.0.63/modules/pending/discord_desktop_core-1.zip: 90%
2024-08-13T11:43:01.009Z [Modules] Streaming discord_desktop_core@1 to /home/unixelf/.config/discord/0.0.63/modules/pending/discord_desktop_core-1.zip: 91%
2024-08-13T11:43:01.012Z [Modules] Streaming discord_desktop_core@1 to /home/unixelf/.config/discord/0.0.63/modules/pending/discord_desktop_core-1.zip: 92%
2024-08-13T11:43:01.055Z [Modules] Streaming discord_desktop_core@1 to /home/unixelf/.config/discord/0.0.63/modules/pending/discord_desktop_core-1.zip: 95%
2024-08-13T11:43:01.058Z [Modules] Streaming discord_desktop_core@1 to /home/unixelf/.config/discord/0.0.63/modules/pending/discord_desktop_core-1.zip: 97%
2024-08-13T11:43:01.061Z [Modules] Streaming discord_desktop_core@1 to /home/unixelf/.config/discord/0.0.63/modules/pending/discord_desktop_core-1.zip: 100%
2024-08-13T11:43:01.066Z [Modules] Fetching discord_erlpack@1 from https://discord.com/api/modules/stable/discord_erlpack/1
2024-08-13T11:43:01.067Z [Modules] Streaming discord_erlpack@1 to /home/unixelf/.config/discord/0.0.63/modules/pending/discord_erlpack-1.zip
2024-08-13T11:43:01.336Z [Modules] Streaming discord_erlpack@1 to /home/unixelf/.config/discord/0.0.63/modules/pending/discord_erlpack-1.zip: 2%
2024-08-13T11:43:01.338Z [Modules] Streaming discord_erlpack@1 to /home/unixelf/.config/discord/0.0.63/modules/pending/discord_erlpack-1.zip: 6%
2024-08-13T11:43:01.342Z [Modules] Streaming discord_erlpack@1 to /home/unixelf/.config/discord/0.0.63/modules/pending/discord_erlpack-1.zip: 9%
2024-08-13T11:43:01.345Z [Modules] Streaming discord_erlpack@1 to /home/unixelf/.config/discord/0.0.63/modules/pending/discord_erlpack-1.zip: 10%
2024-08-13T11:43:01.348Z [Modules] Streaming discord_erlpack@1 to /home/unixelf/.config/discord/0.0.63/modules/pending/discord_erlpack-1.zip: 13%
2024-08-13T11:43:01.351Z [Modules] Streaming discord_erlpack@1 to /home/unixelf/.config/discord/0.0.63/modules/pending/discord_erlpack-1.zip: 16%
2024-08-13T11:43:01.354Z [Modules] Streaming discord_erlpack@1 to /home/unixelf/.config/discord/0.0.63/modules/pending/discord_erlpack-1.zip: 19%
2024-08-13T11:43:01.359Z [Modules] Streaming discord_erlpack@1 to /home/unixelf/.config/discord/0.0.63/modules/pending/discord_erlpack-1.zip: 22%
2024-08-13T11:43:01.361Z [Modules] Streaming discord_erlpack@1 to /home/unixelf/.config/discord/0.0.63/modules/pending/discord_erlpack-1.zip: 24%
2024-08-13T11:43:01.363Z [Modules] Streaming discord_erlpack@1 to /home/unixelf/.config/discord/0.0.63/modules/pending/discord_erlpack-1.zip: 27%
2024-08-13T11:43:01.367Z [Modules] Streaming discord_erlpack@1 to /home/unixelf/.config/discord/0.0.63/modules/pending/discord_erlpack-1.zip: 30%
2024-08-13T11:43:01.370Z [Modules] Streaming discord_erlpack@1 to /home/unixelf/.config/discord/0.0.63/modules/pending/discord_erlpack-1.zip: 33%
2024-08-13T11:43:01.374Z [Modules] Streaming discord_erlpack@1 to /home/unixelf/.config/discord/0.0.63/modules/pending/discord_erlpack-1.zip: 35%
2024-08-13T11:43:01.376Z [Modules] Streaming discord_erlpack@1 to /home/unixelf/.config/discord/0.0.63/modules/pending/discord_erlpack-1.zip: 38%
2024-08-13T11:43:01.380Z [Modules] Streaming discord_erlpack@1 to /home/unixelf/.config/discord/0.0.63/modules/pending/discord_erlpack-1.zip: 40%
2024-08-13T11:43:01.382Z [Modules] Streaming discord_erlpack@1 to /home/unixelf/.config/discord/0.0.63/modules/pending/discord_erlpack-1.zip: 43%
2024-08-13T11:43:01.382Z [Modules] Streaming discord_erlpack@1 to /home/unixelf/.config/discord/0.0.63/modules/pending/discord_erlpack-1.zip: 44%
2024-08-13T11:43:01.385Z [Modules] Streaming discord_erlpack@1 to /home/unixelf/.config/discord/0.0.63/modules/pending/discord_erlpack-1.zip: 47%
2024-08-13T11:43:01.386Z [Modules] Streaming discord_erlpack@1 to /home/unixelf/.config/discord/0.0.63/modules/pending/discord_erlpack-1.zip: 48%
2024-08-13T11:43:01.389Z [Modules] Streaming discord_erlpack@1 to /home/unixelf/.config/discord/0.0.63/modules/pending/discord_erlpack-1.zip: 51%
2024-08-13T11:43:01.389Z [Modules] Streaming discord_erlpack@1 to /home/unixelf/.config/discord/0.0.63/modules/pending/discord_erlpack-1.zip: 52%
2024-08-13T11:43:01.392Z [Modules] Streaming discord_erlpack@1 to /home/unixelf/.config/discord/0.0.63/modules/pending/discord_erlpack-1.zip: 55%
2024-08-13T11:43:01.395Z [Modules] Streaming discord_erlpack@1 to /home/unixelf/.config/discord/0.0.63/modules/pending/discord_erlpack-1.zip: 58%
2024-08-13T11:43:01.398Z [Modules] Streaming discord_erlpack@1 to /home/unixelf/.config/discord/0.0.63/modules/pending/discord_erlpack-1.zip: 60%
2024-08-13T11:43:01.399Z [Modules] Streaming discord_erlpack@1 to /home/unixelf/.config/discord/0.0.63/modules/pending/discord_erlpack-1.zip: 62%
2024-08-13T11:43:01.401Z [Modules] Streaming discord_erlpack@1 to /home/unixelf/.config/discord/0.0.63/modules/pending/discord_erlpack-1.zip: 65%
2024-08-13T11:43:01.403Z [Modules] Streaming discord_erlpack@1 to /home/unixelf/.config/discord/0.0.63/modules/pending/discord_erlpack-1.zip: 66%
2024-08-13T11:43:01.406Z [Modules] Streaming discord_erlpack@1 to /home/unixelf/.config/discord/0.0.63/modules/pending/discord_erlpack-1.zip: 68%
2024-08-13T11:43:01.407Z [Modules] Streaming discord_erlpack@1 to /home/unixelf/.config/discord/0.0.63/modules/pending/discord_erlpack-1.zip: 70%
2024-08-13T11:43:01.409Z [Modules] Streaming discord_erlpack@1 to /home/unixelf/.config/discord/0.0.63/modules/pending/discord_erlpack-1.zip: 72%
2024-08-13T11:43:01.411Z [Modules] Streaming discord_erlpack@1 to /home/unixelf/.config/discord/0.0.63/modules/pending/discord_erlpack-1.zip: 75%
2024-08-13T11:43:01.412Z [Modules] Streaming discord_erlpack@1 to /home/unixelf/.config/discord/0.0.63/modules/pending/discord_erlpack-1.zip: 76%
2024-08-13T11:43:01.414Z [Modules] Streaming discord_erlpack@1 to /home/unixelf/.config/discord/0.0.63/modules/pending/discord_erlpack-1.zip: 79%
2024-08-13T11:43:01.417Z [Modules] Streaming discord_erlpack@1 to /home/unixelf/.config/discord/0.0.63/modules/pending/discord_erlpack-1.zip: 82%
2024-08-13T11:43:01.421Z [Modules] Streaming discord_erlpack@1 to /home/unixelf/.config/discord/0.0.63/modules/pending/discord_erlpack-1.zip: 85%
2024-08-13T11:43:01.424Z [Modules] Streaming discord_erlpack@1 to /home/unixelf/.config/discord/0.0.63/modules/pending/discord_erlpack-1.zip: 88%
2024-08-13T11:43:01.425Z [Modules] Streaming discord_erlpack@1 to /home/unixelf/.config/discord/0.0.63/modules/pending/discord_erlpack-1.zip: 89%
2024-08-13T11:43:01.426Z [Modules] Streaming discord_erlpack@1 to /home/unixelf/.config/discord/0.0.63/modules/pending/discord_erlpack-1.zip: 92%
2024-08-13T11:43:01.428Z [Modules] Streaming discord_erlpack@1 to /home/unixelf/.config/discord/0.0.63/modules/pending/discord_erlpack-1.zip: 93%
2024-08-13T11:43:01.433Z [Modules] Streaming discord_erlpack@1 to /home/unixelf/.config/discord/0.0.63/modules/pending/discord_erlpack-1.zip: 95%
2024-08-13T11:43:01.434Z [Modules] Streaming discord_erlpack@1 to /home/unixelf/.config/discord/0.0.63/modules/pending/discord_erlpack-1.zip: 97%
2024-08-13T11:43:01.436Z [Modules] Streaming discord_erlpack@1 to /home/unixelf/.config/discord/0.0.63/modules/pending/discord_erlpack-1.zip: 98%
2024-08-13T11:43:01.438Z [Modules] Streaming discord_erlpack@1 to /home/unixelf/.config/discord/0.0.63/modules/pending/discord_erlpack-1.zip: 100%
2024-08-13T11:43:01.439Z [Modules] Fetching discord_spellcheck@1 from https://discord.com/api/modules/stable/discord_spellcheck/1
2024-08-13T11:43:01.439Z [Modules] Streaming discord_spellcheck@1 to /home/unixelf/.config/discord/0.0.63/modules/pending/discord_spellcheck-1.zip
2024-08-13T11:43:01.722Z [Modules] Streaming discord_spellcheck@1 to /home/unixelf/.config/discord/0.0.63/modules/pending/discord_spellcheck-1.zip: 1%
2024-08-13T11:43:01.726Z [Modules] Streaming discord_spellcheck@1 to /home/unixelf/.config/discord/0.0.63/modules/pending/discord_spellcheck-1.zip: 2%
2024-08-13T11:43:01.732Z [Modules] Streaming discord_spellcheck@1 to /home/unixelf/.config/discord/0.0.63/modules/pending/discord_spellcheck-1.zip: 3%
2024-08-13T11:43:01.736Z [Modules] Streaming discord_spellcheck@1 to /home/unixelf/.config/discord/0.0.63/modules/pending/discord_spellcheck-1.zip: 4%
2024-08-13T11:43:01.742Z [Modules] Streaming discord_spellcheck@1 to /home/unixelf/.config/discord/0.0.63/modules/pending/discord_spellcheck-1.zip: 5%
2024-08-13T11:43:01.745Z [Modules] Streaming discord_spellcheck@1 to /home/unixelf/.config/discord/0.0.63/modules/pending/discord_spellcheck-1.zip: 6%
2024-08-13T11:43:01.750Z [Modules] Streaming discord_spellcheck@1 to /home/unixelf/.config/discord/0.0.63/modules/pending/discord_spellcheck-1.zip: 7%
2024-08-13T11:43:01.753Z [Modules] Streaming discord_spellcheck@1 to /home/unixelf/.config/discord/0.0.63/modules/pending/discord_spellcheck-1.zip: 8%
2024-08-13T11:43:01.758Z [Modules] Streaming discord_spellcheck@1 to /home/unixelf/.config/discord/0.0.63/modules/pending/discord_spellcheck-1.zip: 9%
2024-08-13T11:43:01.764Z [Modules] Streaming discord_spellcheck@1 to /home/unixelf/.config/discord/0.0.63/modules/pending/discord_spellcheck-1.zip: 10%
2024-08-13T11:43:01.766Z [Modules] Streaming discord_spellcheck@1 to /home/unixelf/.config/discord/0.0.63/modules/pending/discord_spellcheck-1.zip: 11%
2024-08-13T11:43:01.782Z [Modules] Streaming discord_spellcheck@1 to /home/unixelf/.config/discord/0.0.63/modules/pending/discord_spellcheck-1.zip: 12%
2024-08-13T11:43:01.788Z [Modules] Streaming discord_spellcheck@1 to /home/unixelf/.config/discord/0.0.63/modules/pending/discord_spellcheck-1.zip: 13%
2024-08-13T11:43:01.793Z [Modules] Streaming discord_spellcheck@1 to /home/unixelf/.config/discord/0.0.63/modules/pending/discord_spellcheck-1.zip: 14%
2024-08-13T11:43:01.797Z [Modules] Streaming discord_spellcheck@1 to /home/unixelf/.config/discord/0.0.63/modules/pending/discord_spellcheck-1.zip: 15%
2024-08-13T11:43:01.801Z [Modules] Streaming discord_spellcheck@1 to /home/unixelf/.config/discord/0.0.63/modules/pending/discord_spellcheck-1.zip: 16%
2024-08-13T11:43:01.806Z [Modules] Streaming discord_spellcheck@1 to /home/unixelf/.config/discord/0.0.63/modules/pending/discord_spellcheck-1.zip: 17%
2024-08-13T11:43:01.809Z [Modules] Streaming discord_spellcheck@1 to /home/unixelf/.config/discord/0.0.63/modules/pending/discord_spellcheck-1.zip: 18%
2024-08-13T11:43:01.814Z [Modules] Streaming discord_spellcheck@1 to /home/unixelf/.config/discord/0.0.63/modules/pending/discord_spellcheck-1.zip: 19%
2024-08-13T11:43:01.817Z [Modules] Streaming discord_spellcheck@1 to /home/unixelf/.config/discord/0.0.63/modules/pending/discord_spellcheck-1.zip: 20%
2024-08-13T11:43:01.821Z [Modules] Streaming discord_spellcheck@1 to /home/unixelf/.config/discord/0.0.63/modules/pending/discord_spellcheck-1.zip: 21%
2024-08-13T11:43:01.827Z [Modules] Streaming discord_spellcheck@1 to /home/unixelf/.config/discord/0.0.63/modules/pending/discord_spellcheck-1.zip: 22%
2024-08-13T11:43:01.833Z [Modules] Streaming discord_spellcheck@1 to /home/unixelf/.config/discord/0.0.63/modules/pending/discord_spellcheck-1.zip: 23%
2024-08-13T11:43:01.835Z [Modules] Streaming discord_spellcheck@1 to /home/unixelf/.config/discord/0.0.63/modules/pending/discord_spellcheck-1.zip: 24%
2024-08-13T11:43:01.841Z [Modules] Streaming discord_spellcheck@1 to /home/unixelf/.config/discord/0.0.63/modules/pending/discord_spellcheck-1.zip: 25%
2024-08-13T11:43:01.845Z [Modules] Streaming discord_spellcheck@1 to /home/unixelf/.config/discord/0.0.63/modules/pending/discord_spellcheck-1.zip: 26%
2024-08-13T11:43:01.850Z [Modules] Streaming discord_spellcheck@1 to /home/unixelf/.config/discord/0.0.63/modules/pending/discord_spellcheck-1.zip: 27%
2024-08-13T11:43:01.853Z [Modules] Streaming discord_spellcheck@1 to /home/unixelf/.config/discord/0.0.63/modules/pending/discord_spellcheck-1.zip: 28%
2024-08-13T11:43:01.859Z [Modules] Streaming discord_spellcheck@1 to /home/unixelf/.config/discord/0.0.63/modules/pending/discord_spellcheck-1.zip: 29%
2024-08-13T11:43:01.861Z [Modules] Streaming discord_spellcheck@1 to /home/unixelf/.config/discord/0.0.63/modules/pending/discord_spellcheck-1.zip: 30%
2024-08-13T11:43:01.867Z [Modules] Streaming discord_spellcheck@1 to /home/unixelf/.config/discord/0.0.63/modules/pending/discord_spellcheck-1.zip: 31%
2024-08-13T11:43:01.871Z [Modules] Streaming discord_spellcheck@1 to /home/unixelf/.config/discord/0.0.63/modules/pending/discord_spellcheck-1.zip: 32%
2024-08-13T11:43:01.876Z [Modules] Streaming discord_spellcheck@1 to /home/unixelf/.config/discord/0.0.63/modules/pending/discord_spellcheck-1.zip: 33%
2024-08-13T11:43:01.881Z [Modules] Streaming discord_spellcheck@1 to /home/unixelf/.config/discord/0.0.63/modules/pending/discord_spellcheck-1.zip: 34%
2024-08-13T11:43:01.884Z [Modules] Streaming discord_spellcheck@1 to /home/unixelf/.config/discord/0.0.63/modules/pending/discord_spellcheck-1.zip: 35%
2024-08-13T11:43:01.889Z [Modules] Streaming discord_spellcheck@1 to /home/unixelf/.config/discord/0.0.63/modules/pending/discord_spellcheck-1.zip: 36%
2024-08-13T11:43:01.895Z [Modules] Streaming discord_spellcheck@1 to /home/unixelf/.config/discord/0.0.63/modules/pending/discord_spellcheck-1.zip: 37%
2024-08-13T11:43:01.897Z [Modules] Streaming discord_spellcheck@1 to /home/unixelf/.config/discord/0.0.63/modules/pending/discord_spellcheck-1.zip: 38%
2024-08-13T11:43:01.902Z [Modules] Streaming discord_spellcheck@1 to /home/unixelf/.config/discord/0.0.63/modules/pending/discord_spellcheck-1.zip: 39%
2024-08-13T11:43:01.907Z [Modules] Streaming discord_spellcheck@1 to /home/unixelf/.config/discord/0.0.63/modules/pending/discord_spellcheck-1.zip: 40%
2024-08-13T11:43:01.911Z [Modules] Streaming discord_spellcheck@1 to /home/unixelf/.config/discord/0.0.63/modules/pending/discord_spellcheck-1.zip: 41%
2024-08-13T11:43:01.917Z [Modules] Streaming discord_spellcheck@1 to /home/unixelf/.config/discord/0.0.63/modules/pending/discord_spellcheck-1.zip: 42%
2024-08-13T11:43:01.920Z [Modules] Streaming discord_spellcheck@1 to /home/unixelf/.config/discord/0.0.63/modules/pending/discord_spellcheck-1.zip: 43%
2024-08-13T11:43:01.926Z [Modules] Streaming discord_spellcheck@1 to /home/unixelf/.config/discord/0.0.63/modules/pending/discord_spellcheck-1.zip: 44%
2024-08-13T11:43:01.931Z [Modules] Streaming discord_spellcheck@1 to /home/unixelf/.config/discord/0.0.63/modules/pending/discord_spellcheck-1.zip: 45%
2024-08-13T11:43:01.933Z [Modules] Streaming discord_spellcheck@1 to /home/unixelf/.config/discord/0.0.63/modules/pending/discord_spellcheck-1.zip: 46%
2024-08-13T11:43:01.939Z [Modules] Streaming discord_spellcheck@1 to /home/unixelf/.config/discord/0.0.63/modules/pending/discord_spellcheck-1.zip: 47%
2024-08-13T11:43:01.943Z [Modules] Streaming discord_spellcheck@1 to /home/unixelf/.config/discord/0.0.63/modules/pending/discord_spellcheck-1.zip: 48%
2024-08-13T11:43:01.948Z [Modules] Streaming discord_spellcheck@1 to /home/unixelf/.config/discord/0.0.63/modules/pending/discord_spellcheck-1.zip: 49%
2024-08-13T11:43:01.952Z [Modules] Streaming discord_spellcheck@1 to /home/unixelf/.config/discord/0.0.63/modules/pending/discord_spellcheck-1.zip: 50%
2024-08-13T11:43:01.956Z [Modules] Streaming discord_spellcheck@1 to /home/unixelf/.config/discord/0.0.63/modules/pending/discord_spellcheck-1.zip: 51%
2024-08-13T11:43:01.961Z [Modules] Streaming discord_spellcheck@1 to /home/unixelf/.config/discord/0.0.63/modules/pending/discord_spellcheck-1.zip: 52%
2024-08-13T11:43:01.964Z [Modules] Streaming discord_spellcheck@1 to /home/unixelf/.config/discord/0.0.63/modules/pending/discord_spellcheck-1.zip: 53%
2024-08-13T11:43:01.970Z [Modules] Streaming discord_spellcheck@1 to /home/unixelf/.config/discord/0.0.63/modules/pending/discord_spellcheck-1.zip: 54%
2024-08-13T11:43:01.973Z [Modules] Streaming discord_spellcheck@1 to /home/unixelf/.config/discord/0.0.63/modules/pending/discord_spellcheck-1.zip: 55%
2024-08-13T11:43:01.980Z [Modules] Streaming discord_spellcheck@1 to /home/unixelf/.config/discord/0.0.63/modules/pending/discord_spellcheck-1.zip: 56%
2024-08-13T11:43:01.981Z [Modules] Streaming discord_spellcheck@1 to /home/unixelf/.config/discord/0.0.63/modules/pending/discord_spellcheck-1.zip: 57%
2024-08-13T11:43:01.987Z [Modules] Streaming discord_spellcheck@1 to /home/unixelf/.config/discord/0.0.63/modules/pending/discord_spellcheck-1.zip: 58%
2024-08-13T11:43:01.991Z [Modules] Streaming discord_spellcheck@1 to /home/unixelf/.config/discord/0.0.63/modules/pending/discord_spellcheck-1.zip: 59%
2024-08-13T11:43:01.995Z [Modules] Streaming discord_spellcheck@1 to /home/unixelf/.config/discord/0.0.63/modules/pending/discord_spellcheck-1.zip: 60%
2024-08-13T11:43:01.999Z [Modules] Streaming discord_spellcheck@1 to /home/unixelf/.config/discord/0.0.63/modules/pending/discord_spellcheck-1.zip: 61%
2024-08-13T11:43:02.006Z [Modules] Streaming discord_spellcheck@1 to /home/unixelf/.config/discord/0.0.63/modules/pending/discord_spellcheck-1.zip: 62%
2024-08-13T11:43:02.015Z [Modules] Streaming discord_spellcheck@1 to /home/unixelf/.config/discord/0.0.63/modules/pending/discord_spellcheck-1.zip: 65%
2024-08-13T11:43:02.022Z [Modules] Streaming discord_spellcheck@1 to /home/unixelf/.config/discord/0.0.63/modules/pending/discord_spellcheck-1.zip: 67%
2024-08-13T11:43:02.026Z [Modules] Streaming discord_spellcheck@1 to /home/unixelf/.config/discord/0.0.63/modules/pending/discord_spellcheck-1.zip: 68%
2024-08-13T11:43:02.031Z [Modules] Streaming discord_spellcheck@1 to /home/unixelf/.config/discord/0.0.63/modules/pending/discord_spellcheck-1.zip: 69%
2024-08-13T11:43:02.034Z [Modules] Streaming discord_spellcheck@1 to /home/unixelf/.config/discord/0.0.63/modules/pending/discord_spellcheck-1.zip: 70%
2024-08-13T11:43:02.036Z [Modules] Streaming discord_spellcheck@1 to /home/unixelf/.config/discord/0.0.63/modules/pending/discord_spellcheck-1.zip: 71%
2024-08-13T11:43:02.038Z [Modules] Streaming discord_spellcheck@1 to /home/unixelf/.config/discord/0.0.63/modules/pending/discord_spellcheck-1.zip: 72%
2024-08-13T11:43:02.044Z [Modules] Streaming discord_spellcheck@1 to /home/unixelf/.config/discord/0.0.63/modules/pending/discord_spellcheck-1.zip: 73%
2024-08-13T11:43:02.045Z [Modules] Streaming discord_spellcheck@1 to /home/unixelf/.config/discord/0.0.63/modules/pending/discord_spellcheck-1.zip: 74%
2024-08-13T11:43:02.048Z [Modules] Streaming discord_spellcheck@1 to /home/unixelf/.config/discord/0.0.63/modules/pending/discord_spellcheck-1.zip: 75%
2024-08-13T11:43:02.057Z [Modules] Streaming discord_spellcheck@1 to /home/unixelf/.config/discord/0.0.63/modules/pending/discord_spellcheck-1.zip: 76%
2024-08-13T11:43:02.060Z [Modules] Streaming discord_spellcheck@1 to /home/unixelf/.config/discord/0.0.63/modules/pending/discord_spellcheck-1.zip: 77%
2024-08-13T11:43:02.066Z [Modules] Streaming discord_spellcheck@1 to /home/unixelf/.config/discord/0.0.63/modules/pending/discord_spellcheck-1.zip: 78%
2024-08-13T11:43:02.072Z [Modules] Streaming discord_spellcheck@1 to /home/unixelf/.config/discord/0.0.63/modules/pending/discord_spellcheck-1.zip: 79%
2024-08-13T11:43:02.073Z [Modules] Streaming discord_spellcheck@1 to /home/unixelf/.config/discord/0.0.63/modules/pending/discord_spellcheck-1.zip: 80%
2024-08-13T11:43:02.079Z [Modules] Streaming discord_spellcheck@1 to /home/unixelf/.config/discord/0.0.63/modules/pending/discord_spellcheck-1.zip: 81%
2024-08-13T11:43:02.081Z [Modules] Streaming discord_spellcheck@1 to /home/unixelf/.config/discord/0.0.63/modules/pending/discord_spellcheck-1.zip: 82%
2024-08-13T11:43:02.084Z [Modules] Streaming discord_spellcheck@1 to /home/unixelf/.config/discord/0.0.63/modules/pending/discord_spellcheck-1.zip: 83%
2024-08-13T11:43:02.088Z [Modules] Streaming discord_spellcheck@1 to /home/unixelf/.config/discord/0.0.63/modules/pending/discord_spellcheck-1.zip: 84%
2024-08-13T11:43:02.094Z [Modules] Streaming discord_spellcheck@1 to /home/unixelf/.config/discord/0.0.63/modules/pending/discord_spellcheck-1.zip: 85%
2024-08-13T11:43:02.097Z [Modules] Streaming discord_spellcheck@1 to /home/unixelf/.config/discord/0.0.63/modules/pending/discord_spellcheck-1.zip: 86%
2024-08-13T11:43:02.099Z [Modules] Streaming discord_spellcheck@1 to /home/unixelf/.config/discord/0.0.63/modules/pending/discord_spellcheck-1.zip: 87%
2024-08-13T11:43:02.103Z [Modules] Streaming discord_spellcheck@1 to /home/unixelf/.config/discord/0.0.63/modules/pending/discord_spellcheck-1.zip: 88%
2024-08-13T11:43:02.107Z [Modules] Streaming discord_spellcheck@1 to /home/unixelf/.config/discord/0.0.63/modules/pending/discord_spellcheck-1.zip: 89%
2024-08-13T11:43:02.110Z [Modules] Streaming discord_spellcheck@1 to /home/unixelf/.config/discord/0.0.63/modules/pending/discord_spellcheck-1.zip: 90%
2024-08-13T11:43:02.113Z [Modules] Streaming discord_spellcheck@1 to /home/unixelf/.config/discord/0.0.63/modules/pending/discord_spellcheck-1.zip: 91%
2024-08-13T11:43:02.117Z [Modules] Streaming discord_spellcheck@1 to /home/unixelf/.config/discord/0.0.63/modules/pending/discord_spellcheck-1.zip: 92%
2024-08-13T11:43:02.122Z [Modules] Streaming discord_spellcheck@1 to /home/unixelf/.config/discord/0.0.63/modules/pending/discord_spellcheck-1.zip: 93%
2024-08-13T11:43:02.124Z [Modules] Streaming discord_spellcheck@1 to /home/unixelf/.config/discord/0.0.63/modules/pending/discord_spellcheck-1.zip: 94%
2024-08-13T11:43:02.130Z [Modules] Streaming discord_spellcheck@1 to /home/unixelf/.config/discord/0.0.63/modules/pending/discord_spellcheck-1.zip: 95%
2024-08-13T11:43:02.131Z [Modules] Streaming discord_spellcheck@1 to /home/unixelf/.config/discord/0.0.63/modules/pending/discord_spellcheck-1.zip: 96%
2024-08-13T11:43:02.136Z [Modules] Streaming discord_spellcheck@1 to /home/unixelf/.config/discord/0.0.63/modules/pending/discord_spellcheck-1.zip: 97%
2024-08-13T11:43:02.140Z [Modules] Streaming discord_spellcheck@1 to /home/unixelf/.config/discord/0.0.63/modules/pending/discord_spellcheck-1.zip: 98%
2024-08-13T11:43:02.143Z [Modules] Streaming discord_spellcheck@1 to /home/unixelf/.config/discord/0.0.63/modules/pending/discord_spellcheck-1.zip: 99%
2024-08-13T11:43:02.146Z [Modules] Streaming discord_spellcheck@1 to /home/unixelf/.config/discord/0.0.63/modules/pending/discord_spellcheck-1.zip: 100%
2024-08-13T11:43:02.150Z [Modules] Fetching discord_utils@1 from https://discord.com/api/modules/stable/discord_utils/1
2024-08-13T11:43:02.151Z [Modules] Streaming discord_utils@1 to /home/unixelf/.config/discord/0.0.63/modules/pending/discord_utils-1.zip
2024-08-13T11:43:02.454Z [Modules] Streaming discord_utils@1 to /home/unixelf/.config/discord/0.0.63/modules/pending/discord_utils-1.zip: 1%
2024-08-13T11:43:02.456Z [Modules] Streaming discord_utils@1 to /home/unixelf/.config/discord/0.0.63/modules/pending/discord_utils-1.zip: 3%
2024-08-13T11:43:02.459Z [Modules] Streaming discord_utils@1 to /home/unixelf/.config/discord/0.0.63/modules/pending/discord_utils-1.zip: 5%
2024-08-13T11:43:02.461Z [Modules] Streaming discord_utils@1 to /home/unixelf/.config/discord/0.0.63/modules/pending/discord_utils-1.zip: 9%
2024-08-13T11:43:02.464Z [Modules] Streaming discord_utils@1 to /home/unixelf/.config/discord/0.0.63/modules/pending/discord_utils-1.zip: 10%
2024-08-13T11:43:02.466Z [Modules] Streaming discord_utils@1 to /home/unixelf/.config/discord/0.0.63/modules/pending/discord_utils-1.zip: 12%
2024-08-13T11:43:02.469Z [Modules] Streaming discord_utils@1 to /home/unixelf/.config/discord/0.0.63/modules/pending/discord_utils-1.zip: 14%
2024-08-13T11:43:02.473Z [Modules] Streaming discord_utils@1 to /home/unixelf/.config/discord/0.0.63/modules/pending/discord_utils-1.zip: 15%
2024-08-13T11:43:02.475Z [Modules] Streaming discord_utils@1 to /home/unixelf/.config/discord/0.0.63/modules/pending/discord_utils-1.zip: 17%
2024-08-13T11:43:02.477Z [Modules] Streaming discord_utils@1 to /home/unixelf/.config/discord/0.0.63/modules/pending/discord_utils-1.zip: 21%
2024-08-13T11:43:02.482Z [Modules] Streaming discord_utils@1 to /home/unixelf/.config/discord/0.0.63/modules/pending/discord_utils-1.zip: 23%
2024-08-13T11:43:02.484Z [Modules] Streaming discord_utils@1 to /home/unixelf/.config/discord/0.0.63/modules/pending/discord_utils-1.zip: 24%
2024-08-13T11:43:02.486Z [Modules] Streaming discord_utils@1 to /home/unixelf/.config/discord/0.0.63/modules/pending/discord_utils-1.zip: 26%
2024-08-13T11:43:02.488Z [Modules] Streaming discord_utils@1 to /home/unixelf/.config/discord/0.0.63/modules/pending/discord_utils-1.zip: 27%
2024-08-13T11:43:02.494Z [Modules] Streaming discord_utils@1 to /home/unixelf/.config/discord/0.0.63/modules/pending/discord_utils-1.zip: 29%
2024-08-13T11:43:02.495Z [Modules] Streaming discord_utils@1 to /home/unixelf/.config/discord/0.0.63/modules/pending/discord_utils-1.zip: 31%
2024-08-13T11:43:02.501Z [Modules] Streaming discord_utils@1 to /home/unixelf/.config/discord/0.0.63/modules/pending/discord_utils-1.zip: 33%
2024-08-13T11:43:02.503Z [Modules] Streaming discord_utils@1 to /home/unixelf/.config/discord/0.0.63/modules/pending/discord_utils-1.zip: 37%
2024-08-13T11:43:02.517Z [Modules] Streaming discord_utils@1 to /home/unixelf/.config/discord/0.0.63/modules/pending/discord_utils-1.zip: 39%
2024-08-13T11:43:02.519Z [Modules] Streaming discord_utils@1 to /home/unixelf/.config/discord/0.0.63/modules/pending/discord_utils-1.zip: 41%
2024-08-13T11:43:02.522Z [Modules] Streaming discord_utils@1 to /home/unixelf/.config/discord/0.0.63/modules/pending/discord_utils-1.zip: 43%
2024-08-13T11:43:02.524Z [Modules] Streaming discord_utils@1 to /home/unixelf/.config/discord/0.0.63/modules/pending/discord_utils-1.zip: 46%
2024-08-13T11:43:02.527Z [Modules] Streaming discord_utils@1 to /home/unixelf/.config/discord/0.0.63/modules/pending/discord_utils-1.zip: 48%
2024-08-13T11:43:02.529Z [Modules] Streaming discord_utils@1 to /home/unixelf/.config/discord/0.0.63/modules/pending/discord_utils-1.zip: 50%
2024-08-13T11:43:02.531Z [Modules] Streaming discord_utils@1 to /home/unixelf/.config/discord/0.0.63/modules/pending/discord_utils-1.zip: 51%
2024-08-13T11:43:02.538Z [Modules] Streaming discord_utils@1 to /home/unixelf/.config/discord/0.0.63/modules/pending/discord_utils-1.zip: 53%
2024-08-13T11:43:02.540Z [Modules] Streaming discord_utils@1 to /home/unixelf/.config/discord/0.0.63/modules/pending/discord_utils-1.zip: 56%
2024-08-13T11:43:02.544Z [Modules] Streaming discord_utils@1 to /home/unixelf/.config/discord/0.0.63/modules/pending/discord_utils-1.zip: 58%
2024-08-13T11:43:02.546Z [Modules] Streaming discord_utils@1 to /home/unixelf/.config/discord/0.0.63/modules/pending/discord_utils-1.zip: 60%
2024-08-13T11:43:02.548Z [Modules] Streaming discord_utils@1 to /home/unixelf/.config/discord/0.0.63/modules/pending/discord_utils-1.zip: 62%
2024-08-13T11:43:02.550Z [Modules] Streaming discord_utils@1 to /home/unixelf/.config/discord/0.0.63/modules/pending/discord_utils-1.zip: 66%
2024-08-13T11:43:02.553Z [Modules] Streaming discord_utils@1 to /home/unixelf/.config/discord/0.0.63/modules/pending/discord_utils-1.zip: 69%
2024-08-13T11:43:02.555Z [Modules] Streaming discord_utils@1 to /home/unixelf/.config/discord/0.0.63/modules/pending/discord_utils-1.zip: 74%
2024-08-13T11:43:02.556Z [Modules] Streaming discord_utils@1 to /home/unixelf/.config/discord/0.0.63/modules/pending/discord_utils-1.zip: 77%
2024-08-13T11:43:02.559Z [Modules] Streaming discord_utils@1 to /home/unixelf/.config/discord/0.0.63/modules/pending/discord_utils-1.zip: 79%
2024-08-13T11:43:02.562Z [Modules] Streaming discord_utils@1 to /home/unixelf/.config/discord/0.0.63/modules/pending/discord_utils-1.zip: 82%
2024-08-13T11:43:02.564Z [Modules] Streaming discord_utils@1 to /home/unixelf/.config/discord/0.0.63/modules/pending/discord_utils-1.zip: 84%
2024-08-13T11:43:02.566Z [Modules] Streaming discord_utils@1 to /home/unixelf/.config/discord/0.0.63/modules/pending/discord_utils-1.zip: 87%
2024-08-13T11:43:02.569Z [Modules] Streaming discord_utils@1 to /home/unixelf/.config/discord/0.0.63/modules/pending/discord_utils-1.zip: 89%
2024-08-13T11:43:02.571Z [Modules] Streaming discord_utils@1 to /home/unixelf/.config/discord/0.0.63/modules/pending/discord_utils-1.zip: 92%
2024-08-13T11:43:02.573Z [Modules] Streaming discord_utils@1 to /home/unixelf/.config/discord/0.0.63/modules/pending/discord_utils-1.zip: 94%
2024-08-13T11:43:02.575Z [Modules] Streaming discord_utils@1 to /home/unixelf/.config/discord/0.0.63/modules/pending/discord_utils-1.zip: 95%
2024-08-13T11:43:02.579Z [Modules] Streaming discord_utils@1 to /home/unixelf/.config/discord/0.0.63/modules/pending/discord_utils-1.zip: 97%
2024-08-13T11:43:02.581Z [Modules] Streaming discord_utils@1 to /home/unixelf/.config/discord/0.0.63/modules/pending/discord_utils-1.zip: 100%
2024-08-13T11:43:02.586Z [Modules] Fetching discord_voice@1 from https://discord.com/api/modules/stable/discord_voice/1
2024-08-13T11:43:02.586Z [Modules] Streaming discord_voice@1 to /home/unixelf/.config/discord/0.0.63/modules/pending/discord_voice-1.zip
2024-08-13T11:43:02.865Z [Modules] Streaming discord_voice@1 to /home/unixelf/.config/discord/0.0.63/modules/pending/discord_voice-1.zip: 1%
2024-08-13T11:43:02.875Z [Modules] Streaming discord_voice@1 to /home/unixelf/.config/discord/0.0.63/modules/pending/discord_voice-1.zip: 2%
2024-08-13T11:43:02.895Z [Modules] Streaming discord_voice@1 to /home/unixelf/.config/discord/0.0.63/modules/pending/discord_voice-1.zip: 3%
2024-08-13T11:43:02.908Z [Modules] Streaming discord_voice@1 to /home/unixelf/.config/discord/0.0.63/modules/pending/discord_voice-1.zip: 4%
2024-08-13T11:43:02.918Z [Modules] Streaming discord_voice@1 to /home/unixelf/.config/discord/0.0.63/modules/pending/discord_voice-1.zip: 5%
2024-08-13T11:43:02.928Z [Modules] Streaming discord_voice@1 to /home/unixelf/.config/discord/0.0.63/modules/pending/discord_voice-1.zip: 6%
2024-08-13T11:43:02.934Z [Modules] Streaming discord_voice@1 to /home/unixelf/.config/discord/0.0.63/modules/pending/discord_voice-1.zip: 7%
2024-08-13T11:43:02.939Z [Modules] Streaming discord_voice@1 to /home/unixelf/.config/discord/0.0.63/modules/pending/discord_voice-1.zip: 8%
2024-08-13T11:43:02.948Z [Modules] Streaming discord_voice@1 to /home/unixelf/.config/discord/0.0.63/modules/pending/discord_voice-1.zip: 9%
2024-08-13T11:43:02.955Z [Modules] Streaming discord_voice@1 to /home/unixelf/.config/discord/0.0.63/modules/pending/discord_voice-1.zip: 10%
2024-08-13T11:43:02.969Z [Modules] Streaming discord_voice@1 to /home/unixelf/.config/discord/0.0.63/modules/pending/discord_voice-1.zip: 11%
2024-08-13T11:43:03.002Z [Modules] Streaming discord_voice@1 to /home/unixelf/.config/discord/0.0.63/modules/pending/discord_voice-1.zip: 12%
2024-08-13T11:43:03.015Z [Modules] Streaming discord_voice@1 to /home/unixelf/.config/discord/0.0.63/modules/pending/discord_voice-1.zip: 13%
2024-08-13T11:43:03.025Z [Modules] Streaming discord_voice@1 to /home/unixelf/.config/discord/0.0.63/modules/pending/discord_voice-1.zip: 14%
2024-08-13T11:43:03.036Z [Modules] Streaming discord_voice@1 to /home/unixelf/.config/discord/0.0.63/modules/pending/discord_voice-1.zip: 15%
2024-08-13T11:43:03.046Z [Modules] Streaming discord_voice@1 to /home/unixelf/.config/discord/0.0.63/modules/pending/discord_voice-1.zip: 16%
2024-08-13T11:43:03.054Z [Modules] Streaming discord_voice@1 to /home/unixelf/.config/discord/0.0.63/modules/pending/discord_voice-1.zip: 17%
2024-08-13T11:43:03.066Z [Modules] Streaming discord_voice@1 to /home/unixelf/.config/discord/0.0.63/modules/pending/discord_voice-1.zip: 18%
2024-08-13T11:43:03.070Z [Modules] Streaming discord_voice@1 to /home/unixelf/.config/discord/0.0.63/modules/pending/discord_voice-1.zip: 19%
2024-08-13T11:43:03.075Z [Modules] Streaming discord_voice@1 to /home/unixelf/.config/discord/0.0.63/modules/pending/discord_voice-1.zip: 20%
2024-08-13T11:43:03.081Z [Modules] Streaming discord_voice@1 to /home/unixelf/.config/discord/0.0.63/modules/pending/discord_voice-1.zip: 21%
2024-08-13T11:43:03.089Z [Modules] Streaming discord_voice@1 to /home/unixelf/.config/discord/0.0.63/modules/pending/discord_voice-1.zip: 22%
2024-08-13T11:43:03.099Z [Modules] Streaming discord_voice@1 to /home/unixelf/.config/discord/0.0.63/modules/pending/discord_voice-1.zip: 23%
2024-08-13T11:43:03.109Z [Modules] Streaming discord_voice@1 to /home/unixelf/.config/discord/0.0.63/modules/pending/discord_voice-1.zip: 24%
2024-08-13T11:43:03.117Z [Modules] Streaming discord_voice@1 to /home/unixelf/.config/discord/0.0.63/modules/pending/discord_voice-1.zip: 25%
2024-08-13T11:43:03.124Z [Modules] Streaming discord_voice@1 to /home/unixelf/.config/discord/0.0.63/modules/pending/discord_voice-1.zip: 26%
2024-08-13T11:43:03.135Z [Modules] Streaming discord_voice@1 to /home/unixelf/.config/discord/0.0.63/modules/pending/discord_voice-1.zip: 27%
2024-08-13T11:43:03.143Z [Modules] Streaming discord_voice@1 to /home/unixelf/.config/discord/0.0.63/modules/pending/discord_voice-1.zip: 28%
2024-08-13T11:43:03.149Z [Modules] Streaming discord_voice@1 to /home/unixelf/.config/discord/0.0.63/modules/pending/discord_voice-1.zip: 29%
2024-08-13T11:43:03.158Z [Modules] Streaming discord_voice@1 to /home/unixelf/.config/discord/0.0.63/modules/pending/discord_voice-1.zip: 30%
2024-08-13T11:43:03.167Z [Modules] Streaming discord_voice@1 to /home/unixelf/.config/discord/0.0.63/modules/pending/discord_voice-1.zip: 31%
2024-08-13T11:43:03.175Z [Modules] Streaming discord_voice@1 to /home/unixelf/.config/discord/0.0.63/modules/pending/discord_voice-1.zip: 32%
2024-08-13T11:43:03.185Z [Modules] Streaming discord_voice@1 to /home/unixelf/.config/discord/0.0.63/modules/pending/discord_voice-1.zip: 33%
2024-08-13T11:43:03.193Z [Modules] Streaming discord_voice@1 to /home/unixelf/.config/discord/0.0.63/modules/pending/discord_voice-1.zip: 34%
2024-08-13T11:43:03.200Z [Modules] Streaming discord_voice@1 to /home/unixelf/.config/discord/0.0.63/modules/pending/discord_voice-1.zip: 35%
2024-08-13T11:43:03.209Z [Modules] Streaming discord_voice@1 to /home/unixelf/.config/discord/0.0.63/modules/pending/discord_voice-1.zip: 36%
2024-08-13T11:43:03.219Z [Modules] Streaming discord_voice@1 to /home/unixelf/.config/discord/0.0.63/modules/pending/discord_voice-1.zip: 37%
2024-08-13T11:43:03.226Z [Modules] Streaming discord_voice@1 to /home/unixelf/.config/discord/0.0.63/modules/pending/discord_voice-1.zip: 38%
2024-08-13T11:43:03.235Z [Modules] Streaming discord_voice@1 to /home/unixelf/.config/discord/0.0.63/modules/pending/discord_voice-1.zip: 39%
2024-08-13T11:43:03.244Z [Modules] Streaming discord_voice@1 to /home/unixelf/.config/discord/0.0.63/modules/pending/discord_voice-1.zip: 40%
2024-08-13T11:43:03.251Z [Modules] Streaming discord_voice@1 to /home/unixelf/.config/discord/0.0.63/modules/pending/discord_voice-1.zip: 41%
2024-08-13T11:43:03.259Z [Modules] Streaming discord_voice@1 to /home/unixelf/.config/discord/0.0.63/modules/pending/discord_voice-1.zip: 42%
2024-08-13T11:43:03.267Z [Modules] Streaming discord_voice@1 to /home/unixelf/.config/discord/0.0.63/modules/pending/discord_voice-1.zip: 43%
2024-08-13T11:43:03.277Z [Modules] Streaming discord_voice@1 to /home/unixelf/.config/discord/0.0.63/modules/pending/discord_voice-1.zip: 44%
2024-08-13T11:43:03.285Z [Modules] Streaming discord_voice@1 to /home/unixelf/.config/discord/0.0.63/modules/pending/discord_voice-1.zip: 45%
2024-08-13T11:43:03.294Z [Modules] Streaming discord_voice@1 to /home/unixelf/.config/discord/0.0.63/modules/pending/discord_voice-1.zip: 46%
2024-08-13T11:43:03.301Z [Modules] Streaming discord_voice@1 to /home/unixelf/.config/discord/0.0.63/modules/pending/discord_voice-1.zip: 47%
2024-08-13T11:43:03.307Z [Modules] Streaming discord_voice@1 to /home/unixelf/.config/discord/0.0.63/modules/pending/discord_voice-1.zip: 48%
2024-08-13T11:43:03.314Z [Modules] Streaming discord_voice@1 to /home/unixelf/.config/discord/0.0.63/modules/pending/discord_voice-1.zip: 49%
2024-08-13T11:43:03.319Z [Modules] Streaming discord_voice@1 to /home/unixelf/.config/discord/0.0.63/modules/pending/discord_voice-1.zip: 50%
2024-08-13T11:43:03.336Z [Modules] Streaming discord_voice@1 to /home/unixelf/.config/discord/0.0.63/modules/pending/discord_voice-1.zip: 52%
2024-08-13T11:43:03.342Z [Modules] Streaming discord_voice@1 to /home/unixelf/.config/discord/0.0.63/modules/pending/discord_voice-1.zip: 53%
2024-08-13T11:43:03.350Z [Modules] Streaming discord_voice@1 to /home/unixelf/.config/discord/0.0.63/modules/pending/discord_voice-1.zip: 54%
2024-08-13T11:43:03.357Z [Modules] Streaming discord_voice@1 to /home/unixelf/.config/discord/0.0.63/modules/pending/discord_voice-1.zip: 55%
2024-08-13T11:43:03.366Z [Modules] Streaming discord_voice@1 to /home/unixelf/.config/discord/0.0.63/modules/pending/discord_voice-1.zip: 56%
2024-08-13T11:43:03.376Z [Modules] Streaming discord_voice@1 to /home/unixelf/.config/discord/0.0.63/modules/pending/discord_voice-1.zip: 57%
2024-08-13T11:43:03.382Z [Modules] Streaming discord_voice@1 to /home/unixelf/.config/discord/0.0.63/modules/pending/discord_voice-1.zip: 58%
2024-08-13T11:43:03.388Z [Modules] Streaming discord_voice@1 to /home/unixelf/.config/discord/0.0.63/modules/pending/discord_voice-1.zip: 59%
2024-08-13T11:43:03.396Z [Modules] Streaming discord_voice@1 to /home/unixelf/.config/discord/0.0.63/modules/pending/discord_voice-1.zip: 60%
2024-08-13T11:43:03.403Z [Modules] Streaming discord_voice@1 to /home/unixelf/.config/discord/0.0.63/modules/pending/discord_voice-1.zip: 61%
2024-08-13T11:43:03.408Z [Modules] Streaming discord_voice@1 to /home/unixelf/.config/discord/0.0.63/modules/pending/discord_voice-1.zip: 62%
2024-08-13T11:43:03.416Z [Modules] Streaming discord_voice@1 to /home/unixelf/.config/discord/0.0.63/modules/pending/discord_voice-1.zip: 63%
2024-08-13T11:43:03.423Z [Modules] Streaming discord_voice@1 to /home/unixelf/.config/discord/0.0.63/modules/pending/discord_voice-1.zip: 64%
2024-08-13T11:43:03.429Z [Modules] Streaming discord_voice@1 to /home/unixelf/.config/discord/0.0.63/modules/pending/discord_voice-1.zip: 65%
2024-08-13T11:43:03.438Z [Modules] Streaming discord_voice@1 to /home/unixelf/.config/discord/0.0.63/modules/pending/discord_voice-1.zip: 66%
2024-08-13T11:43:03.444Z [Modules] Streaming discord_voice@1 to /home/unixelf/.config/discord/0.0.63/modules/pending/discord_voice-1.zip: 67%
2024-08-13T11:43:03.451Z [Modules] Streaming discord_voice@1 to /home/unixelf/.config/discord/0.0.63/modules/pending/discord_voice-1.zip: 68%
2024-08-13T11:43:03.459Z [Modules] Streaming discord_voice@1 to /home/unixelf/.config/discord/0.0.63/modules/pending/discord_voice-1.zip: 69%
2024-08-13T11:43:03.466Z [Modules] Streaming discord_voice@1 to /home/unixelf/.config/discord/0.0.63/modules/pending/discord_voice-1.zip: 70%
2024-08-13T11:43:03.472Z [Modules] Streaming discord_voice@1 to /home/unixelf/.config/discord/0.0.63/modules/pending/discord_voice-1.zip: 71%
2024-08-13T11:43:03.480Z [Modules] Streaming discord_voice@1 to /home/unixelf/.config/discord/0.0.63/modules/pending/discord_voice-1.zip: 72%
2024-08-13T11:43:03.486Z [Modules] Streaming discord_voice@1 to /home/unixelf/.config/discord/0.0.63/modules/pending/discord_voice-1.zip: 73%
2024-08-13T11:43:03.493Z [Modules] Streaming discord_voice@1 to /home/unixelf/.config/discord/0.0.63/modules/pending/discord_voice-1.zip: 74%
2024-08-13T11:43:03.501Z [Modules] Streaming discord_voice@1 to /home/unixelf/.config/discord/0.0.63/modules/pending/discord_voice-1.zip: 75%
2024-08-13T11:43:03.507Z [Modules] Streaming discord_voice@1 to /home/unixelf/.config/discord/0.0.63/modules/pending/discord_voice-1.zip: 76%
2024-08-13T11:43:03.514Z [Modules] Streaming discord_voice@1 to /home/unixelf/.config/discord/0.0.63/modules/pending/discord_voice-1.zip: 77%
2024-08-13T11:43:03.520Z [Modules] Streaming discord_voice@1 to /home/unixelf/.config/discord/0.0.63/modules/pending/discord_voice-1.zip: 78%
2024-08-13T11:43:03.528Z [Modules] Streaming discord_voice@1 to /home/unixelf/.config/discord/0.0.63/modules/pending/discord_voice-1.zip: 79%
2024-08-13T11:43:03.539Z [Modules] Streaming discord_voice@1 to /home/unixelf/.config/discord/0.0.63/modules/pending/discord_voice-1.zip: 80%
2024-08-13T11:43:03.543Z [Modules] Streaming discord_voice@1 to /home/unixelf/.config/discord/0.0.63/modules/pending/discord_voice-1.zip: 81%
2024-08-13T11:43:03.549Z [Modules] Streaming discord_voice@1 to /home/unixelf/.config/discord/0.0.63/modules/pending/discord_voice-1.zip: 82%
2024-08-13T11:43:03.556Z [Modules] Streaming discord_voice@1 to /home/unixelf/.config/discord/0.0.63/modules/pending/discord_voice-1.zip: 83%
2024-08-13T11:43:03.563Z [Modules] Streaming discord_voice@1 to /home/unixelf/.config/discord/0.0.63/modules/pending/discord_voice-1.zip: 84%
2024-08-13T11:43:03.569Z [Modules] Streaming discord_voice@1 to /home/unixelf/.config/discord/0.0.63/modules/pending/discord_voice-1.zip: 85%
2024-08-13T11:43:03.577Z [Modules] Streaming discord_voice@1 to /home/unixelf/.config/discord/0.0.63/modules/pending/discord_voice-1.zip: 86%
2024-08-13T11:43:03.583Z [Modules] Streaming discord_voice@1 to /home/unixelf/.config/discord/0.0.63/modules/pending/discord_voice-1.zip: 87%
2024-08-13T11:43:03.590Z [Modules] Streaming discord_voice@1 to /home/unixelf/.config/discord/0.0.63/modules/pending/discord_voice-1.zip: 88%
2024-08-13T11:43:03.598Z [Modules] Streaming discord_voice@1 to /home/unixelf/.config/discord/0.0.63/modules/pending/discord_voice-1.zip: 89%
2024-08-13T11:43:03.604Z [Modules] Streaming discord_voice@1 to /home/unixelf/.config/discord/0.0.63/modules/pending/discord_voice-1.zip: 90%
2024-08-13T11:43:03.614Z [Modules] Streaming discord_voice@1 to /home/unixelf/.config/discord/0.0.63/modules/pending/discord_voice-1.zip: 91%
2024-08-13T11:43:03.622Z [Modules] Streaming discord_voice@1 to /home/unixelf/.config/discord/0.0.63/modules/pending/discord_voice-1.zip: 92%
2024-08-13T11:43:03.627Z [Modules] Streaming discord_voice@1 to /home/unixelf/.config/discord/0.0.63/modules/pending/discord_voice-1.zip: 93%
2024-08-13T11:43:03.634Z [Modules] Streaming discord_voice@1 to /home/unixelf/.config/discord/0.0.63/modules/pending/discord_voice-1.zip: 94%
2024-08-13T11:43:03.641Z [Modules] Streaming discord_voice@1 to /home/unixelf/.config/discord/0.0.63/modules/pending/discord_voice-1.zip: 95%
2024-08-13T11:43:03.645Z [Modules] Streaming discord_voice@1 to /home/unixelf/.config/discord/0.0.63/modules/pending/discord_voice-1.zip: 96%
2024-08-13T11:43:03.654Z [Modules] Streaming discord_voice@1 to /home/unixelf/.config/discord/0.0.63/modules/pending/discord_voice-1.zip: 97%
2024-08-13T11:43:03.660Z [Modules] Streaming discord_voice@1 to /home/unixelf/.config/discord/0.0.63/modules/pending/discord_voice-1.zip: 98%
2024-08-13T11:43:03.664Z [Modules] Streaming discord_voice@1 to /home/unixelf/.config/discord/0.0.63/modules/pending/discord_voice-1.zip: 99%
2024-08-13T11:43:03.676Z [Modules] Streaming discord_voice@1 to /home/unixelf/.config/discord/0.0.63/modules/pending/discord_voice-1.zip: 100%
2024-08-13T11:43:03.679Z [Modules] Fetching discord_zstd@1 from https://discord.com/api/modules/stable/discord_zstd/1
2024-08-13T11:43:03.679Z [Modules] Streaming discord_zstd@1 to /home/unixelf/.config/discord/0.0.63/modules/pending/discord_zstd-1.zip
2024-08-13T11:43:03.934Z [Modules] Streaming discord_zstd@1 to /home/unixelf/.config/discord/0.0.63/modules/pending/discord_zstd-1.zip: 16%
2024-08-13T11:43:03.936Z [Modules] Streaming discord_zstd@1 to /home/unixelf/.config/discord/0.0.63/modules/pending/discord_zstd-1.zip: 35%
2024-08-13T11:43:03.938Z [Modules] Streaming discord_zstd@1 to /home/unixelf/.config/discord/0.0.63/modules/pending/discord_zstd-1.zip: 52%
2024-08-13T11:43:03.940Z [Modules] Streaming discord_zstd@1 to /home/unixelf/.config/discord/0.0.63/modules/pending/discord_zstd-1.zip: 67%
2024-08-13T11:43:03.942Z [Modules] Streaming discord_zstd@1 to /home/unixelf/.config/discord/0.0.63/modules/pending/discord_zstd-1.zip: 75%
2024-08-13T11:43:03.945Z [Modules] Streaming discord_zstd@1 to /home/unixelf/.config/discord/0.0.63/modules/pending/discord_zstd-1.zip: 100%
2024-08-13T11:43:03.950Z [Modules] Finished module downloads. [success: 6] [failure: 0]
2024-08-13T11:43:03.950Z [Modules] Installing updates...
2024-08-13T11:43:03.951Z [Modules] Installing discord_desktop_core@1 from /home/unixelf/.config/discord/0.0.63/modules/pending/discord_desktop_core-1.zip
2024-08-13T11:43:04.123Z [Modules] Installing discord_erlpack@1 from /home/unixelf/.config/discord/0.0.63/modules/pending/discord_erlpack-1.zip
2024-08-13T11:43:04.185Z [Modules] Installing discord_spellcheck@1 from /home/unixelf/.config/discord/0.0.63/modules/pending/discord_spellcheck-1.zip
2024-08-13T11:43:04.860Z [Modules] Installing discord_utils@1 from /home/unixelf/.config/discord/0.0.63/modules/pending/discord_utils-1.zip
2024-08-13T11:43:04.977Z [Modules] Installing discord_voice@1 from /home/unixelf/.config/discord/0.0.63/modules/pending/discord_voice-1.zip
2024-08-13T11:43:05.524Z [Modules] Installing discord_zstd@1 from /home/unixelf/.config/discord/0.0.63/modules/pending/discord_zstd-1.zip
2024-08-13T11:43:05.536Z [Modules] Finished module installations. [success: 6] [failure: 0]
2024-08-13T11:43:05.536Z [Modules] Checking for host updates.
2024-08-13T11:43:05.731Z [Modules] Host is up to date.
2024-08-13T11:43:05.732Z [Modules] Checking for module updates at https://discord.com/api/modules/stable/versions.json
2024-08-13T11:43:05.740Z [Modules] No module updates available.
2024-08-13T11:43:07.262Z [Modules] Starting to install discord_krisp...
2024-08-13T11:43:07.262Z [Modules] Fetching discord_krisp@1 from https://discord.com/api/modules/stable/discord_krisp/1
2024-08-13T11:43:07.263Z [Modules] Streaming discord_krisp@1 to /home/unixelf/.config/discord/0.0.63/modules/pending/discord_krisp-1.zip
2024-08-13T11:43:07.270Z [Modules] Starting to install discord_game_utils...
2024-08-13T11:43:07.562Z [Modules] Streaming discord_krisp@1 to /home/unixelf/.config/discord/0.0.63/modules/pending/discord_krisp-1.zip: 1%
2024-08-13T11:43:07.571Z [Modules] Streaming discord_krisp@1 to /home/unixelf/.config/discord/0.0.63/modules/pending/discord_krisp-1.zip: 2%
2024-08-13T11:43:07.600Z [Modules] Streaming discord_krisp@1 to /home/unixelf/.config/discord/0.0.63/modules/pending/discord_krisp-1.zip: 3%
2024-08-13T11:43:07.601Z [Modules] Streaming discord_krisp@1 to /home/unixelf/.config/discord/0.0.63/modules/pending/discord_krisp-1.zip: 4%
2024-08-13T11:43:07.602Z [Modules] Streaming discord_krisp@1 to /home/unixelf/.config/discord/0.0.63/modules/pending/discord_krisp-1.zip: 5%
2024-08-13T11:43:07.603Z [Modules] Streaming discord_krisp@1 to /home/unixelf/.config/discord/0.0.63/modules/pending/discord_krisp-1.zip: 6%
2024-08-13T11:43:07.608Z [Modules] Streaming discord_krisp@1 to /home/unixelf/.config/discord/0.0.63/modules/pending/discord_krisp-1.zip: 7%
2024-08-13T11:43:07.615Z [Modules] Streaming discord_krisp@1 to /home/unixelf/.config/discord/0.0.63/modules/pending/discord_krisp-1.zip: 8%
2024-08-13T11:43:07.618Z [Modules] Streaming discord_krisp@1 to /home/unixelf/.config/discord/0.0.63/modules/pending/discord_krisp-1.zip: 9%
2024-08-13T11:43:07.624Z [Modules] Streaming discord_krisp@1 to /home/unixelf/.config/discord/0.0.63/modules/pending/discord_krisp-1.zip: 10%
2024-08-13T11:43:07.646Z [Modules] Streaming discord_krisp@1 to /home/unixelf/.config/discord/0.0.63/modules/pending/discord_krisp-1.zip: 11%
2024-08-13T11:43:07.667Z [Modules] Streaming discord_krisp@1 to /home/unixelf/.config/discord/0.0.63/modules/pending/discord_krisp-1.zip: 12%
2024-08-13T11:43:07.671Z [Modules] Streaming discord_krisp@1 to /home/unixelf/.config/discord/0.0.63/modules/pending/discord_krisp-1.zip: 13%
2024-08-13T11:43:07.679Z [Modules] Streaming discord_krisp@1 to /home/unixelf/.config/discord/0.0.63/modules/pending/discord_krisp-1.zip: 14%
2024-08-13T11:43:07.690Z [Modules] Streaming discord_krisp@1 to /home/unixelf/.config/discord/0.0.63/modules/pending/discord_krisp-1.zip: 15%
2024-08-13T11:43:07.693Z [Modules] Streaming discord_krisp@1 to /home/unixelf/.config/discord/0.0.63/modules/pending/discord_krisp-1.zip: 16%
2024-08-13T11:43:07.696Z [Modules] Streaming discord_krisp@1 to /home/unixelf/.config/discord/0.0.63/modules/pending/discord_krisp-1.zip: 17%
2024-08-13T11:43:07.701Z [Modules] Streaming discord_krisp@1 to /home/unixelf/.config/discord/0.0.63/modules/pending/discord_krisp-1.zip: 18%
2024-08-13T11:43:07.703Z [Modules] Streaming discord_krisp@1 to /home/unixelf/.config/discord/0.0.63/modules/pending/discord_krisp-1.zip: 19%
2024-08-13T11:43:07.717Z [Modules] Streaming discord_krisp@1 to /home/unixelf/.config/discord/0.0.63/modules/pending/discord_krisp-1.zip: 20%
2024-08-13T11:43:07.723Z [Modules] Streaming discord_krisp@1 to /home/unixelf/.config/discord/0.0.63/modules/pending/discord_krisp-1.zip: 21%
2024-08-13T11:43:07.734Z [Modules] Streaming discord_krisp@1 to /home/unixelf/.config/discord/0.0.63/modules/pending/discord_krisp-1.zip: 22%
2024-08-13T11:43:07.753Z [Modules] Streaming discord_krisp@1 to /home/unixelf/.config/discord/0.0.63/modules/pending/discord_krisp-1.zip: 23%
2024-08-13T11:43:07.754Z [Modules] Streaming discord_krisp@1 to /home/unixelf/.config/discord/0.0.63/modules/pending/discord_krisp-1.zip: 24%
2024-08-13T11:43:07.758Z [Modules] Streaming discord_krisp@1 to /home/unixelf/.config/discord/0.0.63/modules/pending/discord_krisp-1.zip: 25%
2024-08-13T11:43:07.765Z [Modules] Streaming discord_krisp@1 to /home/unixelf/.config/discord/0.0.63/modules/pending/discord_krisp-1.zip: 26%
2024-08-13T11:43:07.778Z [Modules] Streaming discord_krisp@1 to /home/unixelf/.config/discord/0.0.63/modules/pending/discord_krisp-1.zip: 27%
2024-08-13T11:43:07.802Z [Modules] Streaming discord_krisp@1 to /home/unixelf/.config/discord/0.0.63/modules/pending/discord_krisp-1.zip: 28%
2024-08-13T11:43:07.824Z [Modules] Streaming discord_krisp@1 to /home/unixelf/.config/discord/0.0.63/modules/pending/discord_krisp-1.zip: 29%
2024-08-13T11:43:07.825Z [Modules] Streaming discord_krisp@1 to /home/unixelf/.config/discord/0.0.63/modules/pending/discord_krisp-1.zip: 30%
2024-08-13T11:43:07.825Z [Modules] Streaming discord_krisp@1 to /home/unixelf/.config/discord/0.0.63/modules/pending/discord_krisp-1.zip: 31%
2024-08-13T11:43:07.826Z [Modules] Streaming discord_krisp@1 to /home/unixelf/.config/discord/0.0.63/modules/pending/discord_krisp-1.zip: 32%
2024-08-13T11:43:07.826Z [Modules] Streaming discord_krisp@1 to /home/unixelf/.config/discord/0.0.63/modules/pending/discord_krisp-1.zip: 33%
2024-08-13T11:43:07.830Z [Modules] Streaming discord_krisp@1 to /home/unixelf/.config/discord/0.0.63/modules/pending/discord_krisp-1.zip: 34%
2024-08-13T11:43:07.835Z [Modules] Streaming discord_krisp@1 to /home/unixelf/.config/discord/0.0.63/modules/pending/discord_krisp-1.zip: 35%
2024-08-13T11:43:07.841Z [Modules] Streaming discord_krisp@1 to /home/unixelf/.config/discord/0.0.63/modules/pending/discord_krisp-1.zip: 36%
2024-08-13T11:43:07.858Z [Modules] Streaming discord_krisp@1 to /home/unixelf/.config/discord/0.0.63/modules/pending/discord_krisp-1.zip: 37%
2024-08-13T11:43:07.877Z [Modules] Streaming discord_krisp@1 to /home/unixelf/.config/discord/0.0.63/modules/pending/discord_krisp-1.zip: 38%
2024-08-13T11:43:07.885Z [Modules] Streaming discord_krisp@1 to /home/unixelf/.config/discord/0.0.63/modules/pending/discord_krisp-1.zip: 39%
2024-08-13T11:43:07.889Z [Modules] Streaming discord_krisp@1 to /home/unixelf/.config/discord/0.0.63/modules/pending/discord_krisp-1.zip: 40%
2024-08-13T11:43:07.897Z [Modules] Streaming discord_krisp@1 to /home/unixelf/.config/discord/0.0.63/modules/pending/discord_krisp-1.zip: 41%
2024-08-13T11:43:07.901Z [Modules] Streaming discord_krisp@1 to /home/unixelf/.config/discord/0.0.63/modules/pending/discord_krisp-1.zip: 42%
2024-08-13T11:43:07.906Z [Modules] Streaming discord_krisp@1 to /home/unixelf/.config/discord/0.0.63/modules/pending/discord_krisp-1.zip: 43%
2024-08-13T11:43:07.918Z [Modules] Streaming discord_krisp@1 to /home/unixelf/.config/discord/0.0.63/modules/pending/discord_krisp-1.zip: 44%
2024-08-13T11:43:08.003Z [Modules] Streaming discord_krisp@1 to /home/unixelf/.config/discord/0.0.63/modules/pending/discord_krisp-1.zip: 45%
2024-08-13T11:43:08.004Z [Modules] Streaming discord_krisp@1 to /home/unixelf/.config/discord/0.0.63/modules/pending/discord_krisp-1.zip: 46%
2024-08-13T11:43:08.005Z [Modules] Streaming discord_krisp@1 to /home/unixelf/.config/discord/0.0.63/modules/pending/discord_krisp-1.zip: 47%
2024-08-13T11:43:08.006Z [Modules] Streaming discord_krisp@1 to /home/unixelf/.config/discord/0.0.63/modules/pending/discord_krisp-1.zip: 48%
2024-08-13T11:43:08.008Z [Modules] Streaming discord_krisp@1 to /home/unixelf/.config/discord/0.0.63/modules/pending/discord_krisp-1.zip: 49%
2024-08-13T11:43:08.009Z [Modules] Streaming discord_krisp@1 to /home/unixelf/.config/discord/0.0.63/modules/pending/discord_krisp-1.zip: 50%
2024-08-13T11:43:08.010Z [Modules] Streaming discord_krisp@1 to /home/unixelf/.config/discord/0.0.63/modules/pending/discord_krisp-1.zip: 51%
2024-08-13T11:43:08.011Z [Modules] Streaming discord_krisp@1 to /home/unixelf/.config/discord/0.0.63/modules/pending/discord_krisp-1.zip: 52%
2024-08-13T11:43:08.011Z [Modules] Streaming discord_krisp@1 to /home/unixelf/.config/discord/0.0.63/modules/pending/discord_krisp-1.zip: 53%
2024-08-13T11:43:08.012Z [Modules] Streaming discord_krisp@1 to /home/unixelf/.config/discord/0.0.63/modules/pending/discord_krisp-1.zip: 54%
2024-08-13T11:43:08.050Z [Modules] Streaming discord_krisp@1 to /home/unixelf/.config/discord/0.0.63/modules/pending/discord_krisp-1.zip: 55%
2024-08-13T11:43:08.058Z [Modules] Streaming discord_krisp@1 to /home/unixelf/.config/discord/0.0.63/modules/pending/discord_krisp-1.zip: 56%
2024-08-13T11:43:08.062Z [Modules] Streaming discord_krisp@1 to /home/unixelf/.config/discord/0.0.63/modules/pending/discord_krisp-1.zip: 57%
2024-08-13T11:43:08.073Z [Modules] Streaming discord_krisp@1 to /home/unixelf/.config/discord/0.0.63/modules/pending/discord_krisp-1.zip: 58%
2024-08-13T11:43:08.077Z [Modules] Streaming discord_krisp@1 to /home/unixelf/.config/discord/0.0.63/modules/pending/discord_krisp-1.zip: 59%
2024-08-13T11:43:08.085Z [Modules] Streaming discord_krisp@1 to /home/unixelf/.config/discord/0.0.63/modules/pending/discord_krisp-1.zip: 60%
2024-08-13T11:43:08.090Z [Modules] Streaming discord_krisp@1 to /home/unixelf/.config/discord/0.0.63/modules/pending/discord_krisp-1.zip: 61%
2024-08-13T11:43:08.093Z [Modules] Streaming discord_krisp@1 to /home/unixelf/.config/discord/0.0.63/modules/pending/discord_krisp-1.zip: 62%
2024-08-13T11:43:08.101Z [Modules] Streaming discord_krisp@1 to /home/unixelf/.config/discord/0.0.63/modules/pending/discord_krisp-1.zip: 63%
2024-08-13T11:43:08.105Z [Modules] Streaming discord_krisp@1 to /home/unixelf/.config/discord/0.0.63/modules/pending/discord_krisp-1.zip: 64%
2024-08-13T11:43:08.113Z [Modules] Streaming discord_krisp@1 to /home/unixelf/.config/discord/0.0.63/modules/pending/discord_krisp-1.zip: 65%
2024-08-13T11:43:08.124Z [Modules] Streaming discord_krisp@1 to /home/unixelf/.config/discord/0.0.63/modules/pending/discord_krisp-1.zip: 66%
2024-08-13T11:43:08.126Z [Modules] Streaming discord_krisp@1 to /home/unixelf/.config/discord/0.0.63/modules/pending/discord_krisp-1.zip: 67%
2024-08-13T11:43:08.146Z [Modules] Streaming discord_krisp@1 to /home/unixelf/.config/discord/0.0.63/modules/pending/discord_krisp-1.zip: 68%
2024-08-13T11:43:08.147Z [Modules] Streaming discord_krisp@1 to /home/unixelf/.config/discord/0.0.63/modules/pending/discord_krisp-1.zip: 69%
2024-08-13T11:43:08.150Z [Modules] Streaming discord_krisp@1 to /home/unixelf/.config/discord/0.0.63/modules/pending/discord_krisp-1.zip: 70%
2024-08-13T11:43:08.158Z [Modules] Streaming discord_krisp@1 to /home/unixelf/.config/discord/0.0.63/modules/pending/discord_krisp-1.zip: 71%
2024-08-13T11:43:08.163Z [Modules] Streaming discord_krisp@1 to /home/unixelf/.config/discord/0.0.63/modules/pending/discord_krisp-1.zip: 72%
2024-08-13T11:43:08.175Z [Modules] Streaming discord_krisp@1 to /home/unixelf/.config/discord/0.0.63/modules/pending/discord_krisp-1.zip: 73%
2024-08-13T11:43:08.179Z [Modules] Streaming discord_krisp@1 to /home/unixelf/.config/discord/0.0.63/modules/pending/discord_krisp-1.zip: 74%
2024-08-13T11:43:08.183Z [Modules] Streaming discord_krisp@1 to /home/unixelf/.config/discord/0.0.63/modules/pending/discord_krisp-1.zip: 75%
2024-08-13T11:43:08.189Z [Modules] Streaming discord_krisp@1 to /home/unixelf/.config/discord/0.0.63/modules/pending/discord_krisp-1.zip: 76%
2024-08-13T11:43:08.193Z [Modules] Streaming discord_krisp@1 to /home/unixelf/.config/discord/0.0.63/modules/pending/discord_krisp-1.zip: 77%
2024-08-13T11:43:08.203Z [Modules] Streaming discord_krisp@1 to /home/unixelf/.config/discord/0.0.63/modules/pending/discord_krisp-1.zip: 78%
2024-08-13T11:43:08.211Z [Modules] Streaming discord_krisp@1 to /home/unixelf/.config/discord/0.0.63/modules/pending/discord_krisp-1.zip: 79%
2024-08-13T11:43:08.220Z [Modules] Streaming discord_krisp@1 to /home/unixelf/.config/discord/0.0.63/modules/pending/discord_krisp-1.zip: 80%
2024-08-13T11:43:08.225Z [Modules] Streaming discord_krisp@1 to /home/unixelf/.config/discord/0.0.63/modules/pending/discord_krisp-1.zip: 81%
2024-08-13T11:43:08.232Z [Modules] Streaming discord_krisp@1 to /home/unixelf/.config/discord/0.0.63/modules/pending/discord_krisp-1.zip: 82%
2024-08-13T11:43:08.236Z [Modules] Streaming discord_krisp@1 to /home/unixelf/.config/discord/0.0.63/modules/pending/discord_krisp-1.zip: 83%
2024-08-13T11:43:08.242Z [Modules] Streaming discord_krisp@1 to /home/unixelf/.config/discord/0.0.63/modules/pending/discord_krisp-1.zip: 84%
2024-08-13T11:43:08.252Z [Modules] Streaming discord_krisp@1 to /home/unixelf/.config/discord/0.0.63/modules/pending/discord_krisp-1.zip: 85%
2024-08-13T11:43:08.257Z [Modules] Streaming discord_krisp@1 to /home/unixelf/.config/discord/0.0.63/modules/pending/discord_krisp-1.zip: 86%
2024-08-13T11:43:08.262Z [Modules] Streaming discord_krisp@1 to /home/unixelf/.config/discord/0.0.63/modules/pending/discord_krisp-1.zip: 87%
2024-08-13T11:43:08.269Z [Modules] Streaming discord_krisp@1 to /home/unixelf/.config/discord/0.0.63/modules/pending/discord_krisp-1.zip: 88%
2024-08-13T11:43:08.276Z [Modules] Streaming discord_krisp@1 to /home/unixelf/.config/discord/0.0.63/modules/pending/discord_krisp-1.zip: 89%
2024-08-13T11:43:08.284Z [Modules] Streaming discord_krisp@1 to /home/unixelf/.config/discord/0.0.63/modules/pending/discord_krisp-1.zip: 90%
2024-08-13T11:43:08.286Z [Modules] Streaming discord_krisp@1 to /home/unixelf/.config/discord/0.0.63/modules/pending/discord_krisp-1.zip: 91%
2024-08-13T11:43:08.296Z [Modules] Streaming discord_krisp@1 to /home/unixelf/.config/discord/0.0.63/modules/pending/discord_krisp-1.zip: 92%
2024-08-13T11:43:08.306Z [Modules] Streaming discord_krisp@1 to /home/unixelf/.config/discord/0.0.63/modules/pending/discord_krisp-1.zip: 93%
2024-08-13T11:43:08.311Z [Modules] Streaming discord_krisp@1 to /home/unixelf/.config/discord/0.0.63/modules/pending/discord_krisp-1.zip: 94%
2024-08-13T11:43:08.315Z [Modules] Streaming discord_krisp@1 to /home/unixelf/.config/discord/0.0.63/modules/pending/discord_krisp-1.zip: 95%
2024-08-13T11:43:08.326Z [Modules] Streaming discord_krisp@1 to /home/unixelf/.config/discord/0.0.63/modules/pending/discord_krisp-1.zip: 96%
2024-08-13T11:43:08.330Z [Modules] Streaming discord_krisp@1 to /home/unixelf/.config/discord/0.0.63/modules/pending/discord_krisp-1.zip: 97%
2024-08-13T11:43:08.334Z [Modules] Streaming discord_krisp@1 to /home/unixelf/.config/discord/0.0.63/modules/pending/discord_krisp-1.zip: 98%
2024-08-13T11:43:08.338Z [Modules] Streaming discord_krisp@1 to /home/unixelf/.config/discord/0.0.63/modules/pending/discord_krisp-1.zip: 99%
2024-08-13T11:43:08.342Z [Modules] Streaming discord_krisp@1 to /home/unixelf/.config/discord/0.0.63/modules/pending/discord_krisp-1.zip: 100%
2024-08-13T11:43:08.343Z [Modules] Fetching discord_game_utils@1 from https://discord.com/api/modules/stable/discord_game_utils/1
2024-08-13T11:43:08.344Z [Modules] Streaming discord_game_utils@1 to /home/unixelf/.config/discord/0.0.63/modules/pending/discord_game_utils-1.zip
2024-08-13T11:43:08.344Z [Modules] Installing discord_krisp@1 from /home/unixelf/.config/discord/0.0.63/modules/pending/discord_krisp-1.zip
2024-08-13T11:43:08.423Z [Modules] Checking for host updates.
2024-08-13T11:43:08.555Z [Modules] Starting to install discord_rpc...
2024-08-13T11:43:08.617Z [Modules] Host is up to date.
2024-08-13T11:43:08.617Z [Modules] Checking for module updates at https://discord.com/api/modules/stable/versions.json
2024-08-13T11:43:08.621Z [Modules] No module updates available.
2024-08-13T11:43:08.627Z [Modules] Streaming discord_game_utils@1 to /home/unixelf/.config/discord/0.0.63/modules/pending/discord_game_utils-1.zip: 2%
2024-08-13T11:43:08.634Z [Modules] Streaming discord_game_utils@1 to /home/unixelf/.config/discord/0.0.63/modules/pending/discord_game_utils-1.zip: 5%
2024-08-13T11:43:08.635Z [Modules] Streaming discord_game_utils@1 to /home/unixelf/.config/discord/0.0.63/modules/pending/discord_game_utils-1.zip: 9%
2024-08-13T11:43:08.647Z [Modules] Streaming discord_game_utils@1 to /home/unixelf/.config/discord/0.0.63/modules/pending/discord_game_utils-1.zip: 11%
2024-08-13T11:43:08.647Z [Modules] Streaming discord_game_utils@1 to /home/unixelf/.config/discord/0.0.63/modules/pending/discord_game_utils-1.zip: 12%
2024-08-13T11:43:08.655Z [Modules] Streaming discord_game_utils@1 to /home/unixelf/.config/discord/0.0.63/modules/pending/discord_game_utils-1.zip: 14%
2024-08-13T11:43:08.655Z [Modules] Streaming discord_game_utils@1 to /home/unixelf/.config/discord/0.0.63/modules/pending/discord_game_utils-1.zip: 15%
2024-08-13T11:43:08.657Z [Modules] Streaming discord_game_utils@1 to /home/unixelf/.config/discord/0.0.63/modules/pending/discord_game_utils-1.zip: 18%
2024-08-13T11:43:08.666Z [Modules] Streaming discord_game_utils@1 to /home/unixelf/.config/discord/0.0.63/modules/pending/discord_game_utils-1.zip: 20%
2024-08-13T11:43:08.669Z [Modules] Streaming discord_game_utils@1 to /home/unixelf/.config/discord/0.0.63/modules/pending/discord_game_utils-1.zip: 22%
2024-08-13T11:43:08.669Z [Modules] Streaming discord_game_utils@1 to /home/unixelf/.config/discord/0.0.63/modules/pending/discord_game_utils-1.zip: 24%
2024-08-13T11:43:08.677Z [Modules] Streaming discord_game_utils@1 to /home/unixelf/.config/discord/0.0.63/modules/pending/discord_game_utils-1.zip: 27%
2024-08-13T11:43:08.679Z [Modules] Streaming discord_game_utils@1 to /home/unixelf/.config/discord/0.0.63/modules/pending/discord_game_utils-1.zip: 30%
2024-08-13T11:43:08.688Z [Modules] Streaming discord_game_utils@1 to /home/unixelf/.config/discord/0.0.63/modules/pending/discord_game_utils-1.zip: 32%
2024-08-13T11:43:08.691Z [Modules] Streaming discord_game_utils@1 to /home/unixelf/.config/discord/0.0.63/modules/pending/discord_game_utils-1.zip: 34%
2024-08-13T11:43:08.692Z [Modules] Streaming discord_game_utils@1 to /home/unixelf/.config/discord/0.0.63/modules/pending/discord_game_utils-1.zip: 36%
2024-08-13T11:43:08.696Z [Modules] Streaming discord_game_utils@1 to /home/unixelf/.config/discord/0.0.63/modules/pending/discord_game_utils-1.zip: 38%
2024-08-13T11:43:08.697Z [Modules] Streaming discord_game_utils@1 to /home/unixelf/.config/discord/0.0.63/modules/pending/discord_game_utils-1.zip: 42%
2024-08-13T11:43:08.704Z [Modules] Streaming discord_game_utils@1 to /home/unixelf/.config/discord/0.0.63/modules/pending/discord_game_utils-1.zip: 44%
2024-08-13T11:43:08.705Z [Modules] Streaming discord_game_utils@1 to /home/unixelf/.config/discord/0.0.63/modules/pending/discord_game_utils-1.zip: 48%
2024-08-13T11:43:08.712Z [Modules] Streaming discord_game_utils@1 to /home/unixelf/.config/discord/0.0.63/modules/pending/discord_game_utils-1.zip: 50%
2024-08-13T11:43:08.713Z [Modules] Streaming discord_game_utils@1 to /home/unixelf/.config/discord/0.0.63/modules/pending/discord_game_utils-1.zip: 52%
2024-08-13T11:43:08.714Z [Modules] Streaming discord_game_utils@1 to /home/unixelf/.config/discord/0.0.63/modules/pending/discord_game_utils-1.zip: 54%
2024-08-13T11:43:08.722Z [Modules] Streaming discord_game_utils@1 to /home/unixelf/.config/discord/0.0.63/modules/pending/discord_game_utils-1.zip: 56%
2024-08-13T11:43:08.724Z [Modules] Streaming discord_game_utils@1 to /home/unixelf/.config/discord/0.0.63/modules/pending/discord_game_utils-1.zip: 59%
2024-08-13T11:43:08.725Z [Modules] Streaming discord_game_utils@1 to /home/unixelf/.config/discord/0.0.63/modules/pending/discord_game_utils-1.zip: 60%
2024-08-13T11:43:08.733Z [Modules] Streaming discord_game_utils@1 to /home/unixelf/.config/discord/0.0.63/modules/pending/discord_game_utils-1.zip: 61%
2024-08-13T11:43:08.742Z [Modules] Streaming discord_game_utils@1 to /home/unixelf/.config/discord/0.0.63/modules/pending/discord_game_utils-1.zip: 64%
2024-08-13T11:43:08.742Z [Modules] Streaming discord_game_utils@1 to /home/unixelf/.config/discord/0.0.63/modules/pending/discord_game_utils-1.zip: 67%
2024-08-13T11:43:08.761Z [Modules] Streaming discord_game_utils@1 to /home/unixelf/.config/discord/0.0.63/modules/pending/discord_game_utils-1.zip: 70%
2024-08-13T11:43:08.762Z [Modules] Streaming discord_game_utils@1 to /home/unixelf/.config/discord/0.0.63/modules/pending/discord_game_utils-1.zip: 73%
2024-08-13T11:43:08.762Z [Modules] Streaming discord_game_utils@1 to /home/unixelf/.config/discord/0.0.63/modules/pending/discord_game_utils-1.zip: 75%
2024-08-13T11:43:08.763Z [Modules] Streaming discord_game_utils@1 to /home/unixelf/.config/discord/0.0.63/modules/pending/discord_game_utils-1.zip: 77%
2024-08-13T11:43:08.767Z [Modules] Streaming discord_game_utils@1 to /home/unixelf/.config/discord/0.0.63/modules/pending/discord_game_utils-1.zip: 80%
2024-08-13T11:43:08.768Z [Modules] Streaming discord_game_utils@1 to /home/unixelf/.config/discord/0.0.63/modules/pending/discord_game_utils-1.zip: 83%
2024-08-13T11:43:08.774Z [Modules] Streaming discord_game_utils@1 to /home/unixelf/.config/discord/0.0.63/modules/pending/discord_game_utils-1.zip: 86%
2024-08-13T11:43:08.774Z [Modules] Streaming discord_game_utils@1 to /home/unixelf/.config/discord/0.0.63/modules/pending/discord_game_utils-1.zip: 90%
2024-08-13T11:43:08.783Z [Modules] Streaming discord_game_utils@1 to /home/unixelf/.config/discord/0.0.63/modules/pending/discord_game_utils-1.zip: 92%
2024-08-13T11:43:08.784Z [Modules] Streaming discord_game_utils@1 to /home/unixelf/.config/discord/0.0.63/modules/pending/discord_game_utils-1.zip: 96%
2024-08-13T11:43:08.787Z [Modules] Streaming discord_game_utils@1 to /home/unixelf/.config/discord/0.0.63/modules/pending/discord_game_utils-1.zip: 99%
2024-08-13T11:43:08.790Z [Modules] Streaming discord_game_utils@1 to /home/unixelf/.config/discord/0.0.63/modules/pending/discord_game_utils-1.zip: 100%
2024-08-13T11:43:08.791Z [Modules] Fetching discord_rpc@1 from https://discord.com/api/modules/stable/discord_rpc/1
2024-08-13T11:43:08.792Z [Modules] Streaming discord_rpc@1 to /home/unixelf/.config/discord/0.0.63/modules/pending/discord_rpc-1.zip
2024-08-13T11:43:08.822Z [Modules] Installing discord_game_utils@1 from /home/unixelf/.config/discord/0.0.63/modules/pending/discord_game_utils-1.zip
2024-08-13T11:43:08.898Z [Modules] Finished module installations. [success: 2] [failure: 0]
2024-08-13T11:43:09.066Z [Modules] Streaming discord_rpc@1 to /home/unixelf/.config/discord/0.0.63/modules/pending/discord_rpc-1.zip: 100%
2024-08-13T11:43:09.067Z [Modules] Finished module downloads. [success: 3] [failure: 0]
2024-08-13T11:43:09.067Z [Modules] Installing discord_rpc@1 from /home/unixelf/.config/discord/0.0.63/modules/pending/discord_rpc-1.zip
2024-08-13T11:43:09.080Z [Modules] Finished module installations. [success: 1] [failure: 0]
2024-08-13T12:43:09.036Z [Modules] Checking for host updates.
2024-08-13T12:43:09.291Z [Modules] Host is up to date.
2024-08-13T12:43:09.291Z [Modules] Checking for module updates at https://discord.com/api/modules/stable/versions.json
2024-08-13T12:43:09.371Z [Modules] No module updates available.
2024-08-13T13:43:08.968Z [Modules] Checking for host updates.
2024-08-13T13:43:09.451Z [Modules] Host is up to date.
2024-08-13T13:43:09.452Z [Modules] Checking for module updates at https://discord.com/api/modules/stable/versions.json
2024-08-13T13:43:09.513Z [Modules] No module updates available.
2024-08-13T14:43:08.968Z [Modules] Checking for host updates.
2024-08-13T14:43:09.391Z [Modules] Host is up to date.
2024-08-13T14:43:09.391Z [Modules] Checking for module updates at https://discord.com/api/modules/stable/versions.json
2024-08-13T14:43:09.443Z [Modules] No module updates available.
2024-08-13T15:17:38.219Z [Modules] Modules initializing
2024-08-13T15:17:38.220Z [Modules] Distribution: remote
2024-08-13T15:17:38.220Z [Modules] Host updates: enabled
2024-08-13T15:17:38.220Z [Modules] Module updates: enabled
2024-08-13T15:17:38.224Z [Modules] Module install path: /home/unixelf/.config/discord/0.0.63/modules
2024-08-13T15:17:38.224Z [Modules] Module installed file path: /home/unixelf/.config/discord/0.0.63/modules/installed.json
2024-08-13T15:17:38.224Z [Modules] Module download path: /home/unixelf/.config/discord/0.0.63/modules/pending
2024-08-13T15:17:38.457Z [Modules] No updates to install
2024-08-13T15:17:38.458Z [Modules] Checking for host updates.
2024-08-13T15:17:38.838Z [Modules] Host is up to date.
2024-08-13T15:17:38.839Z [Modules] Checking for module updates at https://discord.com/api/modules/stable/versions.json
2024-08-13T15:17:38.906Z [Modules] No module updates available.
2024-08-13T15:17:41.510Z [Modules] Checking for host updates.
2024-08-13T15:17:41.709Z [Modules] Host is up to date.
2024-08-13T15:17:41.710Z [Modules] Checking for module updates at https://discord.com/api/modules/stable/versions.json
2024-08-13T15:17:41.713Z [Modules] No module updates available.
2024-08-13T16:17:42.003Z [Modules] Checking for host updates.
2024-08-13T16:17:42.237Z [Modules] Host is up to date.
2024-08-13T16:17:42.237Z [Modules] Checking for module updates at https://discord.com/api/modules/stable/versions.json
2024-08-13T16:17:42.290Z [Modules] No module updates available.
2024-08-13T17:17:41.969Z [Modules] Checking for host updates.
2024-08-13T17:17:42.190Z [Modules] Host update is available. Manual update required!
